mode: set
vote-service/internal/vote/domain.go:55.36,57.2 1 0
vote-service/internal/vote/domain.go:64.38,66.2 1 1
vote-service/internal/vote/domain.go:72.42,74.2 1 1
vote-service/internal/vote/http.go:21.131,35.64 3 1
vote-service/internal/vote/http.go:35.64,41.3 2 1
vote-service/internal/vote/http.go:44.2,61.10 13 1
vote-service/internal/vote/http_events.go:15.79,21.18 5 1
vote-service/internal/vote/http_events.go:21.18,23.3 1 1
vote-service/internal/vote/http_events.go:23.8,25.3 1 1
vote-service/internal/vote/http_events.go:26.2,26.16 1 1
vote-service/internal/vote/http_events.go:26.16,29.3 2 1
vote-service/internal/vote/http_events.go:31.2,31.37 1 1
vote-service/internal/vote/http_events.go:34.80,36.18 2 1
vote-service/internal/vote/http_events.go:36.18,39.3 2 1
vote-service/internal/vote/http_events.go:41.2,51.62 2 1
vote-service/internal/vote/http_events.go:51.62,54.3 2 1
vote-service/internal/vote/http_events.go:55.2,55.21 1 1
vote-service/internal/vote/http_events.go:55.21,58.3 2 1
vote-service/internal/vote/http_events.go:59.2,59.27 1 1
vote-service/internal/vote/http_events.go:59.27,61.3 1 1
vote-service/internal/vote/http_events.go:62.2,62.28 1 1
vote-service/internal/vote/http_events.go:62.28,64.3 1 1
vote-service/internal/vote/http_events.go:66.2,67.52 2 1
vote-service/internal/vote/http_events.go:67.52,69.17 2 1
vote-service/internal/vote/http_events.go:69.17,72.4 2 0
vote-service/internal/vote/http_events.go:73.3,73.17 1 1
vote-service/internal/vote/http_events.go:75.2,75.48 1 1
vote-service/internal/vote/http_events.go:75.48,77.17 2 0
vote-service/internal/vote/http_events.go:77.17,80.4 2 0
vote-service/internal/vote/http_events.go:81.3,81.15 1 0
vote-service/internal/vote/http_events.go:84.2,84.77 1 1
vote-service/internal/vote/http_events.go:84.77,87.3 2 1
vote-service/internal/vote/http_events.go:90.2,96.42 2 1
vote-service/internal/vote/http_events.go:96.42,99.3 2 0
vote-service/internal/vote/http_events.go:101.2,103.16 3 1
vote-service/internal/vote/http_events.go:103.16,106.3 2 0
vote-service/internal/vote/http_events.go:107.2,114.16 4 1
vote-service/internal/vote/http_events.go:114.16,117.3 2 0
vote-service/internal/vote/http_events.go:118.2,120.83 2 1
vote-service/internal/vote/http_events.go:120.83,123.3 2 1
vote-service/internal/vote/http_events.go:125.2,128.69 2 1
vote-service/internal/vote/http_events.go:128.69,131.3 2 0
vote-service/internal/vote/http_events.go:135.2,149.16 3 1
vote-service/internal/vote/http_events.go:149.16,152.3 2 1
vote-service/internal/vote/http_events.go:155.2,156.16 2 1
vote-service/internal/vote/http_events.go:156.16,159.3 2 0
vote-service/internal/vote/http_events.go:161.2,161.45 1 1
vote-service/internal/vote/http_events.go:164.77,169.16 4 1
vote-service/internal/vote/http_events.go:169.16,170.36 1 1
vote-service/internal/vote/http_events.go:170.36,173.4 2 1
vote-service/internal/vote/http_events.go:174.3,175.9 2 0
vote-service/internal/vote/http_events.go:178.2,178.40 1 1
vote-service/internal/vote/http_events.go:178.40,179.19 1 1
vote-service/internal/vote/http_events.go:179.19,182.4 2 1
vote-service/internal/vote/http_events.go:184.3,184.27 1 1
vote-service/internal/vote/http_events.go:184.27,186.18 2 1
vote-service/internal/vote/http_events.go:186.18,189.5 2 1
vote-service/internal/vote/http_events.go:190.4,190.16 1 1
vote-service/internal/vote/http_events.go:190.16,193.5 2 1
vote-service/internal/vote/http_events.go:197.2,197.18 1 1
vote-service/internal/vote/http_events.go:197.18,198.27 1 1
vote-service/internal/vote/http_events.go:198.27,200.4 1 1
vote-service/internal/vote/http_events.go:200.9,202.18 2 1
vote-service/internal/vote/http_events.go:202.18,205.5 2 0
vote-service/internal/vote/http_events.go:206.4,206.25 1 1
vote-service/internal/vote/http_events.go:210.2,210.33 1 1
vote-service/internal/vote/http_events.go:213.80,216.18 3 1
vote-service/internal/vote/http_events.go:216.18,219.3 2 1
vote-service/internal/vote/http_events.go:221.2,222.16 2 1
vote-service/internal/vote/http_events.go:222.16,223.36 1 1
vote-service/internal/vote/http_events.go:223.36,226.4 2 1
vote-service/internal/vote/http_events.go:227.3,228.9 2 0
vote-service/internal/vote/http_events.go:230.2,230.26 1 1
vote-service/internal/vote/http_events.go:230.26,233.3 2 1
vote-service/internal/vote/http_events.go:235.2,235.61 1 1
vote-service/internal/vote/http_events.go:235.61,238.3 2 0
vote-service/internal/vote/http_events.go:240.2,242.37 2 1
vote-service/internal/vote/http_events.go:245.79,248.18 3 1
vote-service/internal/vote/http_events.go:248.18,251.3 2 0
vote-service/internal/vote/http_events.go:253.2,254.16 2 1
vote-service/internal/vote/http_events.go:254.16,255.36 1 0
vote-service/internal/vote/http_events.go:255.36,258.4 2 0
vote-service/internal/vote/http_events.go:259.3,260.9 2 0
vote-service/internal/vote/http_events.go:262.2,262.26 1 1
vote-service/internal/vote/http_events.go:262.26,265.3 2 0
vote-service/internal/vote/http_events.go:267.2,277.62 2 1
vote-service/internal/vote/http_events.go:277.62,280.3 2 0
vote-service/internal/vote/http_events.go:282.2,286.42 4 1
vote-service/internal/vote/http_events.go:286.42,289.3 2 1
vote-service/internal/vote/http_events.go:290.2,290.54 1 1
vote-service/internal/vote/http_events.go:290.54,293.3 2 0
vote-service/internal/vote/http_events.go:294.2,294.56 1 1
vote-service/internal/vote/http_events.go:294.56,297.3 2 1
vote-service/internal/vote/http_events.go:298.2,298.24 1 1
vote-service/internal/vote/http_events.go:298.24,301.3 2 1
vote-service/internal/vote/http_events.go:302.2,302.24 1 1
vote-service/internal/vote/http_events.go:302.24,305.3 2 1
vote-service/internal/vote/http_events.go:306.2,306.28 1 1
vote-service/internal/vote/http_events.go:306.28,309.3 2 1
vote-service/internal/vote/http_events.go:310.2,310.27 1 1
vote-service/internal/vote/http_events.go:310.27,311.28 1 1
vote-service/internal/vote/http_events.go:311.28,314.4 2 1
vote-service/internal/vote/http_events.go:314.9,316.18 2 1
vote-service/internal/vote/http_events.go:316.18,319.5 2 1
vote-service/internal/vote/http_events.go:320.4,321.17 2 0
vote-service/internal/vote/http_events.go:324.2,324.25 1 1
vote-service/internal/vote/http_events.go:324.25,325.26 1 1
vote-service/internal/vote/http_events.go:325.26,328.4 2 1
vote-service/internal/vote/http_events.go:328.9,330.18 2 0
vote-service/internal/vote/http_events.go:330.18,333.5 2 0
vote-service/internal/vote/http_events.go:334.4,335.15 2 0
vote-service/internal/vote/http_events.go:339.2,339.75 1 1
vote-service/internal/vote/http_events.go:339.75,342.3 2 0
vote-service/internal/vote/http_events.go:344.2,344.23 1 1
vote-service/internal/vote/http_events.go:344.23,347.3 2 1
vote-service/internal/vote/http_events.go:349.2,349.70 1 1
vote-service/internal/vote/http_events.go:349.70,350.36 1 1
vote-service/internal/vote/http_events.go:350.36,353.4 2 0
vote-service/internal/vote/http_events.go:354.3,355.9 2 1
vote-service/internal/vote/http_events.go:359.2,360.16 2 1
vote-service/internal/vote/http_events.go:360.16,363.3 2 1
vote-service/internal/vote/http_events.go:365.2,365.38 1 1
vote-service/internal/vote/http_events.go:368.86,371.18 3 1
vote-service/internal/vote/http_events.go:371.18,374.3 2 0
vote-service/internal/vote/http_events.go:376.2,379.62 2 1
vote-service/internal/vote/http_events.go:379.62,382.3 2 1
vote-service/internal/vote/http_events.go:383.2,383.27 1 1
vote-service/internal/vote/http_events.go:383.27,386.3 2 1
vote-service/internal/vote/http_events.go:389.2,390.16 2 1
vote-service/internal/vote/http_events.go:390.16,391.36 1 1
vote-service/internal/vote/http_events.go:391.36,394.4 2 1
vote-service/internal/vote/http_events.go:395.3,396.9 2 0
vote-service/internal/vote/http_events.go:399.2,399.26 1 1
vote-service/internal/vote/http_events.go:399.26,402.3 2 1
vote-service/internal/vote/http_events.go:404.2,404.35 1 1
vote-service/internal/vote/http_events.go:404.35,407.3 2 0
vote-service/internal/vote/http_events.go:414.2,414.84 1 1
vote-service/internal/vote/http_events.go:414.84,417.3 2 1
vote-service/internal/vote/http_events.go:421.2,425.30 2 1
vote-service/internal/vote/http_invites.go:21.81,24.18 3 1
vote-service/internal/vote/http_invites.go:24.18,27.3 2 1
vote-service/internal/vote/http_invites.go:29.2,32.62 2 1
vote-service/internal/vote/http_invites.go:32.62,35.3 2 1
vote-service/internal/vote/http_invites.go:36.2,36.23 1 1
vote-service/internal/vote/http_invites.go:36.23,39.3 2 1
vote-service/internal/vote/http_invites.go:41.2,42.16 2 1
vote-service/internal/vote/http_invites.go:42.16,43.36 1 1
vote-service/internal/vote/http_invites.go:43.36,46.4 2 1
vote-service/internal/vote/http_invites.go:47.3,48.9 2 0
vote-service/internal/vote/http_invites.go:50.2,50.26 1 1
vote-service/internal/vote/http_invites.go:50.26,52.65 1 1
vote-service/internal/vote/http_invites.go:52.66,54.4 0 1
vote-service/internal/vote/http_invites.go:54.9,57.4 2 1
vote-service/internal/vote/http_invites.go:60.2,60.98 1 1
vote-service/internal/vote/http_invites.go:60.98,62.26 2 1
vote-service/internal/vote/http_invites.go:62.26,65.4 2 1
vote-service/internal/vote/http_invites.go:66.3,68.9 3 0
vote-service/internal/vote/http_invites.go:71.2,71.75 1 1
vote-service/internal/vote/http_invites.go:71.75,74.3 2 1
vote-service/internal/vote/http_invites.go:80.2,80.12 1 1
vote-service/internal/vote/http_invites.go:80.12,87.17 3 1
vote-service/internal/vote/http_invites.go:87.17,91.18 4 1
vote-service/internal/vote/http_invites.go:91.18,93.5 1 1
vote-service/internal/vote/http_invites.go:93.10,95.5 1 0
vote-service/internal/vote/http_invites.go:99.2,99.37 1 1
vote-service/internal/vote/http_invites.go:102.81,105.18 3 1
vote-service/internal/vote/http_invites.go:105.18,108.3 2 0
vote-service/internal/vote/http_invites.go:110.2,111.16 2 1
vote-service/internal/vote/http_invites.go:111.16,112.36 1 1
vote-service/internal/vote/http_invites.go:112.36,115.4 2 1
vote-service/internal/vote/http_invites.go:116.3,117.9 2 1
vote-service/internal/vote/http_invites.go:119.2,120.49 2 1
vote-service/internal/vote/http_invites.go:120.49,123.3 2 1
vote-service/internal/vote/http_invites.go:124.2,124.73 1 1
vote-service/internal/vote/http_invites.go:124.73,127.3 2 1
vote-service/internal/vote/http_invites.go:130.2,130.12 1 1
vote-service/internal/vote/http_invites.go:130.12,132.17 2 1
vote-service/internal/vote/http_invites.go:132.17,135.18 3 1
vote-service/internal/vote/http_invites.go:135.18,137.5 1 1
vote-service/internal/vote/http_invites.go:137.10,139.5 1 0
vote-service/internal/vote/http_invites.go:143.2,148.37 2 1
vote-service/internal/vote/http_invites.go:151.80,154.18 3 1
vote-service/internal/vote/http_invites.go:154.18,157.3 2 0
vote-service/internal/vote/http_invites.go:159.2,160.16 2 1
vote-service/internal/vote/http_invites.go:160.16,161.36 1 0
vote-service/internal/vote/http_invites.go:161.36,164.4 2 0
vote-service/internal/vote/http_invites.go:165.3,166.9 2 0
vote-service/internal/vote/http_invites.go:168.2,168.26 1 1
vote-service/internal/vote/http_invites.go:168.26,170.17 2 1
vote-service/internal/vote/http_invites.go:170.17,173.4 2 1
vote-service/internal/vote/http_invites.go:174.3,174.15 1 1
vote-service/internal/vote/http_invites.go:174.15,177.4 2 1
vote-service/internal/vote/http_invites.go:180.2,181.16 2 1
vote-service/internal/vote/http_invites.go:181.16,184.3 2 1
vote-service/internal/vote/http_invites.go:186.2,186.38 1 1
vote-service/internal/vote/http_utils.go:10.46,11.21 1 1
vote-service/internal/vote/http_utils.go:11.21,13.3 1 1
vote-service/internal/vote/http_utils.go:14.2,15.34 2 1
vote-service/internal/vote/http_utils.go:15.34,17.3 1 1
vote-service/internal/vote/http_utils.go:18.2,18.12 1 1
vote-service/internal/vote/http_utils.go:21.25,22.12 1 1
vote-service/internal/vote/http_utils.go:22.12,24.3 1 1
vote-service/internal/vote/http_utils.go:25.2,26.11 2 1
vote-service/internal/vote/http_utils.go:26.11,29.3 2 1
vote-service/internal/vote/http_utils.go:30.2,32.12 3 1
vote-service/internal/vote/http_utils.go:32.12,36.3 3 1
vote-service/internal/vote/http_utils.go:37.2,37.9 1 1
vote-service/internal/vote/http_utils.go:37.9,40.3 2 1
vote-service/internal/vote/http_utils.go:41.2,41.29 1 1
vote-service/internal/vote/http_utils.go:44.64,50.2 3 1
vote-service/internal/vote/http_utils.go:52.55,54.25 2 1
vote-service/internal/vote/http_utils.go:54.25,57.3 2 1
vote-service/internal/vote/http_utils.go:58.2,58.60 1 1
vote-service/internal/vote/http_utils.go:61.66,65.2 3 1
vote-service/internal/vote/http_utils.go:67.87,68.18 1 1
vote-service/internal/vote/http_utils.go:68.18,70.3 1 1
vote-service/internal/vote/http_utils.go:72.2,77.16 3 1
vote-service/internal/vote/http_utils.go:77.16,79.3 1 1
vote-service/internal/vote/http_utils.go:81.2,81.76 1 0
vote-service/internal/vote/http_utils.go:81.77,83.3 0 0
vote-service/internal/vote/http_votes.go:16.73,19.19 3 1
vote-service/internal/vote/http_votes.go:19.19,22.3 2 1
vote-service/internal/vote/http_votes.go:24.2,25.62 2 1
vote-service/internal/vote/http_votes.go:25.62,28.3 2 1
vote-service/internal/vote/http_votes.go:29.2,29.24 1 1
vote-service/internal/vote/http_votes.go:29.24,32.3 2 1
vote-service/internal/vote/http_votes.go:33.2,34.16 2 1
vote-service/internal/vote/http_votes.go:34.16,37.3 2 1
vote-service/internal/vote/http_votes.go:39.2,39.35 1 1
vote-service/internal/vote/http_votes.go:42.79,45.19 3 1
vote-service/internal/vote/http_votes.go:45.19,48.3 2 1
vote-service/internal/vote/http_votes.go:50.2,51.62 2 1
vote-service/internal/vote/http_votes.go:51.62,54.3 2 0
vote-service/internal/vote/http_votes.go:55.2,55.24 1 1
vote-service/internal/vote/http_votes.go:55.24,58.3 2 0
vote-service/internal/vote/http_votes.go:60.2,61.16 2 1
vote-service/internal/vote/http_votes.go:61.16,64.3 2 1
vote-service/internal/vote/http_votes.go:66.2,66.35 1 1
vote-service/internal/vote/http_votes.go:69.74,74.16 4 1
vote-service/internal/vote/http_votes.go:74.16,77.3 2 1
vote-service/internal/vote/http_votes.go:79.2,79.34 1 1
vote-service/internal/vote/logic.go:17.148,19.16 2 1
vote-service/internal/vote/logic.go:19.16,20.36 1 1
vote-service/internal/vote/logic.go:20.36,22.4 1 1
vote-service/internal/vote/logic.go:23.3,23.18 1 1
vote-service/internal/vote/logic.go:26.2,26.95 1 1
vote-service/internal/vote/logic.go:26.95,28.3 1 1
vote-service/internal/vote/logic.go:28.8,28.16 1 1
vote-service/internal/vote/logic.go:28.16,30.3 1 1
vote-service/internal/vote/logic.go:32.2,32.71 1 1
vote-service/internal/vote/logic.go:32.71,33.38 1 1
vote-service/internal/vote/logic.go:33.38,35.4 1 1
vote-service/internal/vote/logic.go:36.3,36.18 1 1
vote-service/internal/vote/logic.go:39.2,40.16 2 1
vote-service/internal/vote/logic.go:40.16,42.3 1 1
vote-service/internal/vote/logic.go:44.2,53.59 2 1
vote-service/internal/vote/logic.go:53.59,55.3 1 0
vote-service/internal/vote/logic.go:57.2,61.8 1 1
vote-service/internal/vote/logic.go:64.127,66.16 2 1
vote-service/internal/vote/logic.go:66.16,67.36 1 1
vote-service/internal/vote/logic.go:67.36,69.4 1 1
vote-service/internal/vote/logic.go:70.3,70.18 1 1
vote-service/internal/vote/logic.go:79.2,79.56 1 1
vote-service/internal/vote/logic.go:79.56,81.3 1 1
vote-service/internal/vote/logic.go:83.2,83.73 1 1
vote-service/internal/vote/logic.go:83.73,85.3 1 1
vote-service/internal/vote/logic.go:87.2,88.16 2 1
vote-service/internal/vote/logic.go:88.16,90.3 1 1
vote-service/internal/vote/logic.go:92.2,101.59 2 1
vote-service/internal/vote/logic.go:101.59,103.3 1 0
vote-service/internal/vote/logic.go:105.2,109.8 1 1
vote-service/internal/vote/logic.go:112.94,114.16 2 1
vote-service/internal/vote/logic.go:114.16,116.3 1 1
vote-service/internal/vote/logic.go:117.2,121.16 4 1
vote-service/internal/vote/logic.go:121.16,123.3 1 0
vote-service/internal/vote/logic.go:124.2,125.16 2 1
vote-service/internal/vote/logic.go:125.16,127.3 1 0
vote-service/internal/vote/logic.go:128.2,130.25 2 1
vote-service/internal/vote/logic.go:131.43,132.13 1 1
vote-service/internal/vote/logic.go:133.27,134.74 1 1
vote-service/internal/vote/logic.go:135.10,136.65 1 1
vote-service/internal/vote/logic.go:144.79,148.22 3 1
vote-service/internal/vote/logic.go:148.22,149.28 1 1
vote-service/internal/vote/logic.go:149.28,151.4 1 1
vote-service/internal/vote/logic.go:152.3,152.42 1 1
vote-service/internal/vote/logic.go:152.42,154.4 1 1
vote-service/internal/vote/logic.go:156.2,156.20 1 1
vote-service/internal/vote/logic.go:156.20,157.26 1 1
vote-service/internal/vote/logic.go:157.26,159.4 1 1
vote-service/internal/vote/logic.go:160.3,160.40 1 1
vote-service/internal/vote/logic.go:160.40,162.4 1 1
vote-service/internal/vote/logic.go:164.2,164.40 1 1
vote-service/internal/vote/logic.go:164.40,165.33 1 1
vote-service/internal/vote/logic.go:165.33,167.4 1 1
vote-service/internal/vote/logic.go:168.3,168.42 1 1
vote-service/internal/vote/logic.go:168.42,170.4 1 1
vote-service/internal/vote/logic.go:172.2,172.12 1 1
vote-service/internal/vote/logic.go:175.134,176.40 1 1
vote-service/internal/vote/logic.go:176.40,178.17 2 1
vote-service/internal/vote/logic.go:178.17,180.4 1 1
vote-service/internal/vote/logic.go:181.3,181.39 1 1
vote-service/internal/vote/logic.go:181.39,183.4 1 1
vote-service/internal/vote/logic.go:187.2,187.26 1 1
vote-service/internal/vote/logic.go:187.26,189.3 1 1
vote-service/internal/vote/logic.go:191.2,191.24 1 1
vote-service/internal/vote/logic.go:192.27,193.23 1 1
vote-service/internal/vote/logic.go:195.22,197.17 2 1
vote-service/internal/vote/logic.go:197.17,199.4 1 0
vote-service/internal/vote/logic.go:200.3,200.15 1 1
vote-service/internal/vote/logic.go:200.15,202.4 1 1
vote-service/internal/vote/logic.go:203.3,203.23 1 1
vote-service/internal/vote/logic.go:205.22,206.55 1 1
vote-service/internal/vote/logic.go:206.55,208.4 1 1
vote-service/internal/vote/logic.go:209.3,209.50 1 1
vote-service/internal/vote/logic.go:209.50,211.4 1 1
vote-service/internal/vote/logic.go:212.3,212.67 1 1
vote-service/internal/vote/logic.go:212.67,214.4 1 1
vote-service/internal/vote/logic.go:215.3,215.31 1 1
vote-service/internal/vote/logic.go:215.31,217.4 1 1
vote-service/internal/vote/logic.go:218.3,218.72 1 1
vote-service/internal/vote/logic.go:218.72,220.4 1 1
vote-service/internal/vote/logic.go:221.3,221.23 1 1
vote-service/internal/vote/logic.go:223.10,224.48 1 1
vote-service/internal/vote/logic.go:228.93,230.33 2 1
vote-service/internal/vote/logic.go:230.33,230.61 1 1
vote-service/internal/vote/logic.go:232.2,238.33 6 1
vote-service/internal/vote/mock_store.go:13.79,15.24 2 1
vote-service/internal/vote/mock_store.go:15.24,17.3 1 0
vote-service/internal/vote/mock_store.go:18.2,18.44 1 1
vote-service/internal/vote/mock_store.go:21.90,24.2 2 1
vote-service/internal/vote/mock_store.go:26.91,29.2 2 1
vote-service/internal/vote/mock_store.go:31.93,34.2 2 1
vote-service/internal/vote/mock_store.go:36.95,39.2 2 1
vote-service/internal/vote/mock_store.go:41.93,44.2 2 1
vote-service/internal/vote/mock_store.go:46.97,48.24 2 1
vote-service/internal/vote/mock_store.go:48.24,50.3 1 0
vote-service/internal/vote/mock_store.go:51.2,51.45 1 1
vote-service/internal/vote/mock_store.go:54.81,57.2 2 1
vote-service/internal/vote/mock_store.go:59.71,62.2 2 1
vote-service/internal/vote/mock_store.go:64.95,67.2 2 1
vote-service/internal/vote/mock_store.go:69.89,72.2 2 1
vote-service/internal/vote/mock_store.go:74.85,77.2 2 1
vote-service/internal/vote/mock_store.go:79.85,82.2 2 1
vote-service/internal/vote/mock_store.go:84.88,86.24 2 1
vote-service/internal/vote/mock_store.go:86.24,88.3 1 0
vote-service/internal/vote/mock_store.go:89.2,89.46 1 1
vote-service/internal/vote/storage.go:37.58,39.2 1 1
vote-service/internal/vote/storage.go:41.65,58.16 2 0
vote-service/internal/vote/storage.go:58.16,61.3 2 0
vote-service/internal/vote/storage.go:64.2,64.123 1 0
vote-service/internal/vote/storage.go:64.123,66.3 1 0
vote-service/internal/vote/storage.go:67.2,67.135 1 0
vote-service/internal/vote/storage.go:67.135,69.3 1 0
vote-service/internal/vote/storage.go:70.2,70.114 1 0
vote-service/internal/vote/storage.go:70.114,72.3 1 0
vote-service/internal/vote/storage.go:73.2,73.114 1 0
vote-service/internal/vote/storage.go:73.114,75.3 1 0
vote-service/internal/vote/storage.go:76.2,76.106 1 0
vote-service/internal/vote/storage.go:76.106,78.3 1 0
vote-service/internal/vote/storage.go:79.2,79.112 1 0
vote-service/internal/vote/storage.go:79.112,81.3 1 0
vote-service/internal/vote/storage.go:82.2,82.110 1 0
vote-service/internal/vote/storage.go:82.110,84.3 1 0
vote-service/internal/vote/storage.go:86.2,95.20 1 0
vote-service/internal/vote/storage.go:95.20,97.3 1 0
vote-service/internal/vote/storage.go:99.2,108.20 2 0
vote-service/internal/vote/storage.go:108.20,110.3 1 0
vote-service/internal/vote/storage.go:112.2,112.12 1 0
vote-service/internal/vote/storage.go:115.83,130.16 6 0
vote-service/internal/vote/storage.go:130.16,132.3 1 0
vote-service/internal/vote/storage.go:133.2,138.17 6 0
vote-service/internal/vote/storage.go:141.94,146.16 3 0
vote-service/internal/vote/storage.go:146.16,148.3 1 0
vote-service/internal/vote/storage.go:149.2,149.20 1 0
vote-service/internal/vote/storage.go:152.95,158.16 2 0
vote-service/internal/vote/storage.go:158.16,160.54 2 0
vote-service/internal/vote/storage.go:160.54,162.4 1 0
vote-service/internal/vote/storage.go:163.3,163.13 1 0
vote-service/internal/vote/storage.go:165.2,165.12 1 0
vote-service/internal/vote/storage.go:168.89,174.2 2 0
vote-service/internal/vote/storage.go:176.89,179.2 2 0
vote-service/internal/vote/storage.go:181.92,183.16 2 0
vote-service/internal/vote/storage.go:183.16,185.3 1 0
vote-service/internal/vote/storage.go:186.2,189.18 3 0
vote-service/internal/vote/storage.go:189.18,191.64 2 0
vote-service/internal/vote/storage.go:191.64,193.4 1 0
vote-service/internal/vote/storage.go:194.3,194.33 1 0
vote-service/internal/vote/storage.go:196.2,196.35 1 0
vote-service/internal/vote/storage.go:196.35,198.3 1 0
vote-service/internal/vote/storage.go:199.2,199.21 1 0
vote-service/internal/vote/storage.go:202.101,205.18 3 0
vote-service/internal/vote/storage.go:205.18,214.3 1 0
vote-service/internal/vote/storage.go:214.8,228.3 1 0
vote-service/internal/vote/storage.go:229.2,229.16 1 0
vote-service/internal/vote/storage.go:229.16,231.3 1 0
vote-service/internal/vote/storage.go:232.2,235.18 3 0
vote-service/internal/vote/storage.go:235.18,241.19 5 0
vote-service/internal/vote/storage.go:241.19,246.18 1 0
vote-service/internal/vote/storage.go:246.18,248.5 1 0
vote-service/internal/vote/storage.go:249.4,249.23 1 0
vote-service/internal/vote/storage.go:250.9,256.18 1 0
vote-service/internal/vote/storage.go:256.18,258.5 1 0
vote-service/internal/vote/storage.go:260.3,265.30 6 0
vote-service/internal/vote/storage.go:267.2,267.35 1 0
vote-service/internal/vote/storage.go:267.35,269.3 1 0
vote-service/internal/vote/storage.go:270.2,270.20 1 0
vote-service/internal/vote/storage.go:273.85,281.2 3 0
vote-service/internal/vote/storage.go:283.75,285.16 2 0
vote-service/internal/vote/storage.go:285.16,287.3 1 0
vote-service/internal/vote/storage.go:288.2,288.29 1 0
vote-service/internal/vote/storage.go:288.29,290.3 1 0
vote-service/internal/vote/storage.go:291.2,291.12 1 0
vote-service/internal/vote/storage.go:294.99,295.23 1 0
vote-service/internal/vote/storage.go:295.23,297.3 1 0
vote-service/internal/vote/storage.go:298.2,301.28 4 0
vote-service/internal/vote/storage.go:301.28,305.3 3 0
vote-service/internal/vote/storage.go:306.2,309.16 4 0
vote-service/internal/vote/storage.go:309.16,311.3 1 0
vote-service/internal/vote/storage.go:312.2,312.29 1 0
vote-service/internal/vote/storage.go:312.29,314.3 1 0
vote-service/internal/vote/storage.go:315.2,315.12 1 0
vote-service/internal/vote/storage.go:318.93,320.16 2 0
vote-service/internal/vote/storage.go:320.16,322.3 1 0
vote-service/internal/vote/storage.go:323.2,323.29 1 0
vote-service/internal/vote/storage.go:323.29,325.3 1 0
vote-service/internal/vote/storage.go:326.2,326.12 1 0
vote-service/internal/vote/storage.go:335.97,340.16 2 0
vote-service/internal/vote/storage.go:340.16,342.3 1 0
vote-service/internal/vote/storage.go:343.2,343.29 1 0
vote-service/internal/vote/storage.go:343.29,345.3 1 0
vote-service/internal/vote/storage.go:346.2,346.12 1 0
vote-service/internal/vote/storage.go:349.97,355.2 3 0
vote-service/internal/vote/storage.go:357.99,368.16 2 0
vote-service/internal/vote/storage.go:368.16,370.3 1 0
vote-service/internal/vote/storage.go:371.2,374.18 3 0
vote-service/internal/vote/storage.go:374.18,376.74 2 0
vote-service/internal/vote/storage.go:376.74,378.4 1 0
vote-service/internal/vote/storage.go:379.3,379.25 1 0
vote-service/internal/vote/storage.go:381.2,381.34 1 0
vote-service/internal/vote/storage.go:381.34,383.3 1 0
vote-service/internal/vote/storage.go:384.2,384.17 1 0
