mode: set
playlist-service/internal/playlist/handlers_invites.go:14.76,17.18 3 1
playlist-service/internal/playlist/handlers_invites.go:17.18,20.3 2 0
playlist-service/internal/playlist/handlers_invites.go:21.2,22.22 2 1
playlist-service/internal/playlist/handlers_invites.go:22.22,25.3 2 0
playlist-service/internal/playlist/handlers_invites.go:27.2,28.35 2 1
playlist-service/internal/playlist/handlers_invites.go:28.35,31.3 2 1
playlist-service/internal/playlist/handlers_invites.go:32.2,32.16 1 1
playlist-service/internal/playlist/handlers_invites.go:32.16,36.3 3 0
playlist-service/internal/playlist/handlers_invites.go:40.2,41.23 2 1
playlist-service/internal/playlist/handlers_invites.go:41.23,43.3 1 1
playlist-service/internal/playlist/handlers_invites.go:43.8,43.21 1 1
playlist-service/internal/playlist/handlers_invites.go:43.21,45.3 1 0
playlist-service/internal/playlist/handlers_invites.go:45.8,48.17 2 1
playlist-service/internal/playlist/handlers_invites.go:48.17,52.4 3 0
playlist-service/internal/playlist/handlers_invites.go:53.3,53.15 1 1
playlist-service/internal/playlist/handlers_invites.go:53.15,55.4 1 0
playlist-service/internal/playlist/handlers_invites.go:58.2,58.14 1 1
playlist-service/internal/playlist/handlers_invites.go:58.14,61.3 2 1
playlist-service/internal/playlist/handlers_invites.go:63.2,69.16 2 1
playlist-service/internal/playlist/handlers_invites.go:69.16,73.3 3 0
playlist-service/internal/playlist/handlers_invites.go:74.2,77.18 3 1
playlist-service/internal/playlist/handlers_invites.go:77.18,79.64 2 1
playlist-service/internal/playlist/handlers_invites.go:79.64,83.4 3 0
playlist-service/internal/playlist/handlers_invites.go:84.3,84.33 1 1
playlist-service/internal/playlist/handlers_invites.go:86.2,86.35 1 1
playlist-service/internal/playlist/handlers_invites.go:86.35,90.3 3 0
playlist-service/internal/playlist/handlers_invites.go:92.2,92.38 1 1
playlist-service/internal/playlist/handlers_invites.go:95.74,98.18 3 1
playlist-service/internal/playlist/handlers_invites.go:98.18,101.3 2 1
playlist-service/internal/playlist/handlers_invites.go:102.2,103.22 2 1
playlist-service/internal/playlist/handlers_invites.go:103.22,106.3 2 0
playlist-service/internal/playlist/handlers_invites.go:108.2,111.62 2 1
playlist-service/internal/playlist/handlers_invites.go:111.62,114.3 2 1
playlist-service/internal/playlist/handlers_invites.go:115.2,116.23 2 1
playlist-service/internal/playlist/handlers_invites.go:116.23,119.3 2 1
playlist-service/internal/playlist/handlers_invites.go:121.2,122.35 2 1
playlist-service/internal/playlist/handlers_invites.go:122.35,125.3 2 1
playlist-service/internal/playlist/handlers_invites.go:126.2,126.16 1 1
playlist-service/internal/playlist/handlers_invites.go:126.16,130.3 3 0
playlist-service/internal/playlist/handlers_invites.go:135.2,136.23 2 1
playlist-service/internal/playlist/handlers_invites.go:136.23,138.3 1 1
playlist-service/internal/playlist/handlers_invites.go:138.8,138.46 1 1
playlist-service/internal/playlist/handlers_invites.go:138.46,140.3 1 0
playlist-service/internal/playlist/handlers_invites.go:142.2,142.14 1 1
playlist-service/internal/playlist/handlers_invites.go:142.14,145.3 2 1
playlist-service/internal/playlist/handlers_invites.go:147.2,152.16 2 1
playlist-service/internal/playlist/handlers_invites.go:152.16,156.3 3 0
playlist-service/internal/playlist/handlers_invites.go:158.2,167.37 3 1
playlist-service/internal/playlist/handlers_invites.go:170.77,173.18 3 1
playlist-service/internal/playlist/handlers_invites.go:173.18,176.3 2 0
playlist-service/internal/playlist/handlers_invites.go:177.2,179.44 3 1
playlist-service/internal/playlist/handlers_invites.go:179.44,182.3 2 0
playlist-service/internal/playlist/handlers_invites.go:184.2,185.35 2 1
playlist-service/internal/playlist/handlers_invites.go:185.35,188.3 2 0
playlist-service/internal/playlist/handlers_invites.go:189.2,189.16 1 1
playlist-service/internal/playlist/handlers_invites.go:189.16,193.3 3 0
playlist-service/internal/playlist/handlers_invites.go:194.2,194.23 1 1
playlist-service/internal/playlist/handlers_invites.go:194.23,197.3 2 0
playlist-service/internal/playlist/handlers_invites.go:199.2,202.43 1 1
playlist-service/internal/playlist/handlers_invites.go:202.43,206.3 3 0
playlist-service/internal/playlist/handlers_invites.go:208.2,217.37 3 1
playlist-service/internal/playlist/handlers_playback.go:18.92,20.16 2 1
playlist-service/internal/playlist/handlers_playback.go:20.16,23.3 2 0
playlist-service/internal/playlist/handlers_playback.go:24.2,29.16 4 1
playlist-service/internal/playlist/handlers_playback.go:29.16,32.3 2 0
playlist-service/internal/playlist/handlers_playback.go:35.2,35.27 1 1
playlist-service/internal/playlist/handlers_playback.go:35.27,37.17 2 1
playlist-service/internal/playlist/handlers_playback.go:37.17,40.4 2 0
playlist-service/internal/playlist/handlers_playback.go:44.2,62.35 5 1
playlist-service/internal/playlist/handlers_playback.go:62.35,69.17 2 1
playlist-service/internal/playlist/handlers_playback.go:69.17,72.4 2 0
playlist-service/internal/playlist/handlers_playback.go:73.8,73.23 1 1
playlist-service/internal/playlist/handlers_playback.go:73.23,76.3 2 0
playlist-service/internal/playlist/handlers_playback.go:76.8,82.17 3 1
playlist-service/internal/playlist/handlers_playback.go:82.17,85.4 2 0
playlist-service/internal/playlist/handlers_playback.go:87.3,92.17 2 1
playlist-service/internal/playlist/handlers_playback.go:92.17,95.4 2 0
playlist-service/internal/playlist/handlers_playback.go:97.3,99.37 3 1
playlist-service/internal/playlist/handlers_playback.go:102.2,102.39 1 1
playlist-service/internal/playlist/handlers_playback.go:102.39,105.3 2 0
playlist-service/internal/playlist/handlers_playback.go:107.2,112.26 2 1
playlist-service/internal/playlist/handlers_playback.go:117.74,120.18 3 1
playlist-service/internal/playlist/handlers_playback.go:120.18,123.3 2 1
playlist-service/internal/playlist/handlers_playback.go:125.2,126.22 2 1
playlist-service/internal/playlist/handlers_playback.go:126.22,129.3 2 0
playlist-service/internal/playlist/handlers_playback.go:132.2,133.35 2 1
playlist-service/internal/playlist/handlers_playback.go:133.35,136.3 2 1
playlist-service/internal/playlist/handlers_playback.go:137.2,137.16 1 1
playlist-service/internal/playlist/handlers_playback.go:137.16,140.3 2 0
playlist-service/internal/playlist/handlers_playback.go:142.2,143.39 2 1
playlist-service/internal/playlist/handlers_playback.go:143.39,145.17 2 1
playlist-service/internal/playlist/handlers_playback.go:145.17,148.4 2 0
playlist-service/internal/playlist/handlers_playback.go:151.2,151.48 1 1
playlist-service/internal/playlist/handlers_playback.go:151.48,154.3 2 1
playlist-service/internal/playlist/handlers_playback.go:156.2,157.23 2 1
playlist-service/internal/playlist/handlers_playback.go:157.23,159.3 1 1
playlist-service/internal/playlist/handlers_playback.go:159.8,159.41 1 1
playlist-service/internal/playlist/handlers_playback.go:159.41,161.3 1 0
playlist-service/internal/playlist/handlers_playback.go:161.8,161.51 1 1
playlist-service/internal/playlist/handlers_playback.go:161.51,163.3 1 0
playlist-service/internal/playlist/handlers_playback.go:165.2,165.19 1 1
playlist-service/internal/playlist/handlers_playback.go:165.19,168.3 2 1
playlist-service/internal/playlist/handlers_playback.go:171.2,172.16 2 1
playlist-service/internal/playlist/handlers_playback.go:172.16,176.3 2 0
playlist-service/internal/playlist/handlers_playback.go:178.2,178.43 1 1
playlist-service/internal/playlist/handlers_playlists.go:14.84,24.16 3 1
playlist-service/internal/playlist/handlers_playlists.go:24.16,28.3 3 0
playlist-service/internal/playlist/handlers_playlists.go:29.2,32.18 3 1
playlist-service/internal/playlist/handlers_playlists.go:32.18,42.17 2 1
playlist-service/internal/playlist/handlers_playlists.go:42.17,46.4 3 0
playlist-service/internal/playlist/handlers_playlists.go:47.3,47.36 1 1
playlist-service/internal/playlist/handlers_playlists.go:50.2,50.35 1 1
playlist-service/internal/playlist/handlers_playlists.go:50.35,54.3 3 0
playlist-service/internal/playlist/handlers_playlists.go:56.2,56.40 1 1
playlist-service/internal/playlist/handlers_playlists.go:60.79,63.19 3 1
playlist-service/internal/playlist/handlers_playlists.go:63.19,66.3 2 1
playlist-service/internal/playlist/handlers_playlists.go:68.2,74.62 2 1
playlist-service/internal/playlist/handlers_playlists.go:74.62,77.3 2 1
playlist-service/internal/playlist/handlers_playlists.go:79.2,82.45 3 1
playlist-service/internal/playlist/handlers_playlists.go:82.45,85.3 2 1
playlist-service/internal/playlist/handlers_playlists.go:86.2,86.34 1 1
playlist-service/internal/playlist/handlers_playlists.go:86.34,89.3 2 1
playlist-service/internal/playlist/handlers_playlists.go:91.2,92.26 2 1
playlist-service/internal/playlist/handlers_playlists.go:92.26,94.3 1 1
playlist-service/internal/playlist/handlers_playlists.go:96.2,97.26 2 1
playlist-service/internal/playlist/handlers_playlists.go:97.26,99.54 2 1
playlist-service/internal/playlist/handlers_playlists.go:99.54,102.4 2 1
playlist-service/internal/playlist/handlers_playlists.go:103.3,103.16 1 0
playlist-service/internal/playlist/handlers_playlists.go:106.2,120.16 3 1
playlist-service/internal/playlist/handlers_playlists.go:120.16,124.3 3 1
playlist-service/internal/playlist/handlers_playlists.go:127.2,135.38 3 1
playlist-service/internal/playlist/handlers_playlists.go:139.78,142.18 3 1
playlist-service/internal/playlist/handlers_playlists.go:142.18,145.3 2 1
playlist-service/internal/playlist/handlers_playlists.go:147.2,148.22 2 1
playlist-service/internal/playlist/handlers_playlists.go:148.22,151.3 2 0
playlist-service/internal/playlist/handlers_playlists.go:153.2,159.62 2 1
playlist-service/internal/playlist/handlers_playlists.go:159.62,162.3 2 1
playlist-service/internal/playlist/handlers_playlists.go:164.2,165.16 2 1
playlist-service/internal/playlist/handlers_playlists.go:165.16,169.3 3 0
playlist-service/internal/playlist/handlers_playlists.go:170.2,186.35 4 1
playlist-service/internal/playlist/handlers_playlists.go:186.35,189.3 2 0
playlist-service/internal/playlist/handlers_playlists.go:190.2,190.16 1 1
playlist-service/internal/playlist/handlers_playlists.go:190.16,194.3 3 0
playlist-service/internal/playlist/handlers_playlists.go:196.2,196.32 1 1
playlist-service/internal/playlist/handlers_playlists.go:196.32,199.3 2 1
playlist-service/internal/playlist/handlers_playlists.go:201.2,201.22 1 1
playlist-service/internal/playlist/handlers_playlists.go:201.22,203.36 2 1
playlist-service/internal/playlist/handlers_playlists.go:203.36,206.4 2 0
playlist-service/internal/playlist/handlers_playlists.go:207.3,207.23 1 1
playlist-service/internal/playlist/handlers_playlists.go:209.2,209.29 1 1
playlist-service/internal/playlist/handlers_playlists.go:209.29,211.23 2 0
playlist-service/internal/playlist/handlers_playlists.go:211.23,214.4 2 0
playlist-service/internal/playlist/handlers_playlists.go:215.3,215.30 1 0
playlist-service/internal/playlist/handlers_playlists.go:217.2,217.26 1 1
playlist-service/internal/playlist/handlers_playlists.go:217.26,219.3 1 0
playlist-service/internal/playlist/handlers_playlists.go:220.2,220.26 1 1
playlist-service/internal/playlist/handlers_playlists.go:220.26,222.54 2 0
playlist-service/internal/playlist/handlers_playlists.go:222.54,225.4 2 0
playlist-service/internal/playlist/handlers_playlists.go:226.3,226.25 1 0
playlist-service/internal/playlist/handlers_playlists.go:229.2,237.16 2 1
playlist-service/internal/playlist/handlers_playlists.go:237.16,241.3 3 0
playlist-service/internal/playlist/handlers_playlists.go:243.2,243.39 1 1
playlist-service/internal/playlist/handlers_playlists.go:243.39,247.3 3 0
playlist-service/internal/playlist/handlers_playlists.go:249.2,257.39 3 1
playlist-service/internal/playlist/handlers_playlists.go:260.76,264.22 4 1
playlist-service/internal/playlist/handlers_playlists.go:264.22,267.3 2 0
playlist-service/internal/playlist/handlers_playlists.go:269.2,285.35 3 1
playlist-service/internal/playlist/handlers_playlists.go:285.35,288.3 2 1
playlist-service/internal/playlist/handlers_playlists.go:289.2,289.16 1 1
playlist-service/internal/playlist/handlers_playlists.go:289.16,293.3 3 1
playlist-service/internal/playlist/handlers_playlists.go:298.2,298.42 1 1
playlist-service/internal/playlist/handlers_playlists.go:298.42,300.17 2 1
playlist-service/internal/playlist/handlers_playlists.go:300.17,304.4 3 0
playlist-service/internal/playlist/handlers_playlists.go:305.3,305.15 1 1
playlist-service/internal/playlist/handlers_playlists.go:305.15,308.4 2 1
playlist-service/internal/playlist/handlers_playlists.go:311.2,320.16 2 1
playlist-service/internal/playlist/handlers_playlists.go:320.16,324.3 3 1
playlist-service/internal/playlist/handlers_playlists.go:325.2,328.18 3 1
playlist-service/internal/playlist/handlers_playlists.go:328.18,344.17 2 1
playlist-service/internal/playlist/handlers_playlists.go:344.17,348.4 3 0
playlist-service/internal/playlist/handlers_playlists.go:349.3,349.30 1 1
playlist-service/internal/playlist/handlers_playlists.go:351.2,351.35 1 1
playlist-service/internal/playlist/handlers_playlists.go:351.35,355.3 3 0
playlist-service/internal/playlist/handlers_playlists.go:357.2,360.4 1 1
playlist-service/internal/playlist/handlers_tracks.go:14.73,17.18 3 1
playlist-service/internal/playlist/handlers_tracks.go:17.18,20.3 2 1
playlist-service/internal/playlist/handlers_tracks.go:22.2,23.22 2 1
playlist-service/internal/playlist/handlers_tracks.go:23.22,26.3 2 0
playlist-service/internal/playlist/handlers_tracks.go:28.2,29.35 2 1
playlist-service/internal/playlist/handlers_tracks.go:29.35,32.3 2 0
playlist-service/internal/playlist/handlers_tracks.go:33.2,33.16 1 1
playlist-service/internal/playlist/handlers_tracks.go:33.16,37.3 3 1
playlist-service/internal/playlist/handlers_tracks.go:39.2,40.39 2 1
playlist-service/internal/playlist/handlers_tracks.go:40.39,42.17 2 1
playlist-service/internal/playlist/handlers_tracks.go:42.17,46.4 3 0
playlist-service/internal/playlist/handlers_tracks.go:50.2,50.48 1 1
playlist-service/internal/playlist/handlers_tracks.go:50.48,53.3 2 1
playlist-service/internal/playlist/handlers_tracks.go:56.2,56.23 1 1
playlist-service/internal/playlist/handlers_tracks.go:56.23,57.46 1 0
playlist-service/internal/playlist/handlers_tracks.go:57.46,60.4 2 0
playlist-service/internal/playlist/handlers_tracks.go:64.2,72.62 2 1
playlist-service/internal/playlist/handlers_tracks.go:72.62,75.3 2 1
playlist-service/internal/playlist/handlers_tracks.go:77.2,83.47 6 1
playlist-service/internal/playlist/handlers_tracks.go:83.47,86.3 2 0
playlist-service/internal/playlist/handlers_tracks.go:87.2,87.28 1 1
playlist-service/internal/playlist/handlers_tracks.go:87.28,90.3 2 0
playlist-service/internal/playlist/handlers_tracks.go:92.2,92.25 1 1
playlist-service/internal/playlist/handlers_tracks.go:92.25,93.33 1 1
playlist-service/internal/playlist/handlers_tracks.go:93.33,96.4 2 0
playlist-service/internal/playlist/handlers_tracks.go:97.3,97.31 1 1
playlist-service/internal/playlist/handlers_tracks.go:97.31,100.4 2 0
playlist-service/internal/playlist/handlers_tracks.go:103.2,149.16 3 1
playlist-service/internal/playlist/handlers_tracks.go:149.16,153.3 3 0
playlist-service/internal/playlist/handlers_tracks.go:155.2,164.38 3 1
playlist-service/internal/playlist/handlers_tracks.go:168.74,171.18 3 1
playlist-service/internal/playlist/handlers_tracks.go:171.18,174.3 2 0
playlist-service/internal/playlist/handlers_tracks.go:176.2,178.39 3 1
playlist-service/internal/playlist/handlers_tracks.go:178.39,181.3 2 0
playlist-service/internal/playlist/handlers_tracks.go:183.2,186.62 2 1
playlist-service/internal/playlist/handlers_tracks.go:186.62,189.3 2 1
playlist-service/internal/playlist/handlers_tracks.go:190.2,190.26 1 1
playlist-service/internal/playlist/handlers_tracks.go:190.26,193.3 2 1
playlist-service/internal/playlist/handlers_tracks.go:195.2,196.35 2 1
playlist-service/internal/playlist/handlers_tracks.go:196.35,199.3 2 1
playlist-service/internal/playlist/handlers_tracks.go:200.2,200.16 1 1
playlist-service/internal/playlist/handlers_tracks.go:200.16,204.3 3 0
playlist-service/internal/playlist/handlers_tracks.go:206.2,207.39 2 1
playlist-service/internal/playlist/handlers_tracks.go:207.39,209.17 2 0
playlist-service/internal/playlist/handlers_tracks.go:209.17,213.4 3 0
playlist-service/internal/playlist/handlers_tracks.go:216.2,216.48 1 1
playlist-service/internal/playlist/handlers_tracks.go:216.48,219.3 2 0
playlist-service/internal/playlist/handlers_tracks.go:220.2,220.23 1 1
playlist-service/internal/playlist/handlers_tracks.go:220.23,221.46 1 0
playlist-service/internal/playlist/handlers_tracks.go:221.46,224.4 2 0
playlist-service/internal/playlist/handlers_tracks.go:227.2,228.16 2 1
playlist-service/internal/playlist/handlers_tracks.go:228.16,232.3 3 0
playlist-service/internal/playlist/handlers_tracks.go:233.2,243.35 5 1
playlist-service/internal/playlist/handlers_tracks.go:243.35,246.3 2 0
playlist-service/internal/playlist/handlers_tracks.go:247.2,247.16 1 1
playlist-service/internal/playlist/handlers_tracks.go:247.16,251.3 3 0
playlist-service/internal/playlist/handlers_tracks.go:253.2,256.42 2 1
playlist-service/internal/playlist/handlers_tracks.go:256.42,260.3 3 0
playlist-service/internal/playlist/handlers_tracks.go:261.2,261.16 1 1
playlist-service/internal/playlist/handlers_tracks.go:261.16,264.3 2 0
playlist-service/internal/playlist/handlers_tracks.go:266.2,267.21 2 1
playlist-service/internal/playlist/handlers_tracks.go:267.21,269.3 1 0
playlist-service/internal/playlist/handlers_tracks.go:270.2,270.26 1 1
playlist-service/internal/playlist/handlers_tracks.go:270.26,271.40 1 0
playlist-service/internal/playlist/handlers_tracks.go:271.40,275.4 3 0
playlist-service/internal/playlist/handlers_tracks.go:276.3,281.9 2 0
playlist-service/internal/playlist/handlers_tracks.go:284.2,284.25 1 1
playlist-service/internal/playlist/handlers_tracks.go:284.25,292.3 1 0
playlist-service/internal/playlist/handlers_tracks.go:292.8,300.3 1 1
playlist-service/internal/playlist/handlers_tracks.go:301.2,301.16 1 1
playlist-service/internal/playlist/handlers_tracks.go:301.16,305.3 3 0
playlist-service/internal/playlist/handlers_tracks.go:307.2,312.16 2 1
playlist-service/internal/playlist/handlers_tracks.go:312.16,316.3 3 0
playlist-service/internal/playlist/handlers_tracks.go:318.2,318.39 1 1
playlist-service/internal/playlist/handlers_tracks.go:318.39,322.3 3 0
playlist-service/internal/playlist/handlers_tracks.go:324.2,339.4 3 1
playlist-service/internal/playlist/handlers_tracks.go:342.76,345.18 3 1
playlist-service/internal/playlist/handlers_tracks.go:345.18,348.3 2 0
playlist-service/internal/playlist/handlers_tracks.go:350.2,352.39 3 1
playlist-service/internal/playlist/handlers_tracks.go:352.39,355.3 2 0
playlist-service/internal/playlist/handlers_tracks.go:357.2,358.35 2 1
playlist-service/internal/playlist/handlers_tracks.go:358.35,361.3 2 1
playlist-service/internal/playlist/handlers_tracks.go:362.2,362.16 1 1
playlist-service/internal/playlist/handlers_tracks.go:362.16,366.3 3 0
playlist-service/internal/playlist/handlers_tracks.go:368.2,369.39 2 1
playlist-service/internal/playlist/handlers_tracks.go:369.39,371.17 2 1
playlist-service/internal/playlist/handlers_tracks.go:371.17,375.4 3 0
playlist-service/internal/playlist/handlers_tracks.go:378.2,378.48 1 1
playlist-service/internal/playlist/handlers_tracks.go:378.48,381.3 2 1
playlist-service/internal/playlist/handlers_tracks.go:382.2,382.23 1 1
playlist-service/internal/playlist/handlers_tracks.go:382.23,383.46 1 1
playlist-service/internal/playlist/handlers_tracks.go:383.46,386.4 2 0
playlist-service/internal/playlist/handlers_tracks.go:389.2,390.16 2 1
playlist-service/internal/playlist/handlers_tracks.go:390.16,394.3 3 0
playlist-service/internal/playlist/handlers_tracks.go:395.2,404.35 4 1
playlist-service/internal/playlist/handlers_tracks.go:404.35,407.3 2 0
playlist-service/internal/playlist/handlers_tracks.go:408.2,408.16 1 1
playlist-service/internal/playlist/handlers_tracks.go:408.16,412.3 3 0
playlist-service/internal/playlist/handlers_tracks.go:414.2,417.38 1 1
playlist-service/internal/playlist/handlers_tracks.go:417.38,421.3 3 0
playlist-service/internal/playlist/handlers_tracks.go:423.2,427.34 1 1
playlist-service/internal/playlist/handlers_tracks.go:427.34,431.3 3 0
playlist-service/internal/playlist/handlers_tracks.go:433.2,433.39 1 1
playlist-service/internal/playlist/handlers_tracks.go:433.39,437.3 3 0
playlist-service/internal/playlist/handlers_tracks.go:439.2,449.37 3 1
playlist-service/internal/playlist/handlers_tracks_vote.go:17.74,20.18 3 1
playlist-service/internal/playlist/handlers_tracks_vote.go:20.18,23.3 2 0
playlist-service/internal/playlist/handlers_tracks_vote.go:25.2,27.39 3 1
playlist-service/internal/playlist/handlers_tracks_vote.go:27.39,30.3 2 0
playlist-service/internal/playlist/handlers_tracks_vote.go:33.2,34.35 2 1
playlist-service/internal/playlist/handlers_tracks_vote.go:34.35,37.3 2 1
playlist-service/internal/playlist/handlers_tracks_vote.go:38.2,38.16 1 1
playlist-service/internal/playlist/handlers_tracks_vote.go:38.16,42.3 3 0
playlist-service/internal/playlist/handlers_tracks_vote.go:44.2,45.39 2 1
playlist-service/internal/playlist/handlers_tracks_vote.go:45.39,47.17 2 1
playlist-service/internal/playlist/handlers_tracks_vote.go:47.17,51.4 3 0
playlist-service/internal/playlist/handlers_tracks_vote.go:54.2,54.48 1 1
playlist-service/internal/playlist/handlers_tracks_vote.go:54.48,57.3 2 1
playlist-service/internal/playlist/handlers_tracks_vote.go:59.2,60.16 2 1
playlist-service/internal/playlist/handlers_tracks_vote.go:60.16,64.3 3 0
playlist-service/internal/playlist/handlers_tracks_vote.go:65.2,72.16 3 1
playlist-service/internal/playlist/handlers_tracks_vote.go:72.16,74.54 2 1
playlist-service/internal/playlist/handlers_tracks_vote.go:74.54,80.4 4 1
playlist-service/internal/playlist/handlers_tracks_vote.go:81.3,83.9 3 0
playlist-service/internal/playlist/handlers_tracks_vote.go:87.2,96.35 4 1
playlist-service/internal/playlist/handlers_tracks_vote.go:96.35,99.3 2 0
playlist-service/internal/playlist/handlers_tracks_vote.go:100.2,100.16 1 1
playlist-service/internal/playlist/handlers_tracks_vote.go:100.16,104.3 3 0
playlist-service/internal/playlist/handlers_tracks_vote.go:106.2,106.24 1 1
playlist-service/internal/playlist/handlers_tracks_vote.go:106.24,116.17 3 1
playlist-service/internal/playlist/handlers_tracks_vote.go:116.17,120.4 3 0
playlist-service/internal/playlist/handlers_tracks_vote.go:122.3,130.19 3 1
playlist-service/internal/playlist/handlers_tracks_vote.go:130.19,132.84 2 1
playlist-service/internal/playlist/handlers_tracks_vote.go:132.84,137.5 4 0
playlist-service/internal/playlist/handlers_tracks_vote.go:138.4,138.30 1 1
playlist-service/internal/playlist/handlers_tracks_vote.go:140.3,143.48 2 1
playlist-service/internal/playlist/handlers_tracks_vote.go:143.48,144.50 1 1
playlist-service/internal/playlist/handlers_tracks_vote.go:144.50,146.5 1 1
playlist-service/internal/playlist/handlers_tracks_vote.go:147.4,147.58 1 1
playlist-service/internal/playlist/handlers_tracks_vote.go:151.3,157.17 3 1
playlist-service/internal/playlist/handlers_tracks_vote.go:157.17,161.4 3 0
playlist-service/internal/playlist/handlers_tracks_vote.go:175.3,175.28 1 1
playlist-service/internal/playlist/handlers_tracks_vote.go:175.28,177.18 2 1
playlist-service/internal/playlist/handlers_tracks_vote.go:177.18,181.5 3 0
playlist-service/internal/playlist/handlers_tracks_vote.go:185.3,185.28 1 1
playlist-service/internal/playlist/handlers_tracks_vote.go:185.28,188.18 3 1
playlist-service/internal/playlist/handlers_tracks_vote.go:188.18,192.5 3 0
playlist-service/internal/playlist/handlers_tracks_vote.go:196.2,196.39 1 1
playlist-service/internal/playlist/handlers_tracks_vote.go:196.39,200.3 3 0
playlist-service/internal/playlist/handlers_tracks_vote.go:202.2,211.24 2 1
playlist-service/internal/playlist/handlers_tracks_vote.go:211.24,218.3 1 1
playlist-service/internal/playlist/handlers_tracks_vote.go:220.2,220.72 1 1
playlist-service/internal/playlist/helpers.go:13.140,20.2 2 1
playlist-service/internal/playlist/helpers.go:22.94,23.18 1 1
playlist-service/internal/playlist/helpers.go:23.18,25.3 1 0
playlist-service/internal/playlist/helpers.go:26.2,32.35 3 1
playlist-service/internal/playlist/helpers.go:32.35,34.3 1 1
playlist-service/internal/playlist/helpers.go:35.2,35.16 1 1
playlist-service/internal/playlist/helpers.go:35.16,37.3 1 0
playlist-service/internal/playlist/helpers.go:38.2,38.18 1 1
playlist-service/internal/playlist/helpers.go:41.74,42.18 1 1
playlist-service/internal/playlist/helpers.go:42.18,44.3 1 1
playlist-service/internal/playlist/helpers.go:45.2,46.16 2 0
playlist-service/internal/playlist/helpers.go:46.16,49.3 2 0
playlist-service/internal/playlist/helpers.go:50.2,50.76 1 0
playlist-service/internal/playlist/helpers.go:50.76,52.3 1 0
playlist-service/internal/playlist/http_utils.go:8.64,14.2 3 1
playlist-service/internal/playlist/http_utils.go:16.66,20.2 3 1
playlist-service/internal/playlist/migrate.go:10.65,22.16 2 1
playlist-service/internal/playlist/migrate.go:22.16,25.3 2 0
playlist-service/internal/playlist/migrate.go:27.2,39.20 1 1
playlist-service/internal/playlist/migrate.go:39.20,41.3 1 0
playlist-service/internal/playlist/migrate.go:46.2,50.17 1 1
playlist-service/internal/playlist/migrate.go:50.17,52.3 1 0
playlist-service/internal/playlist/migrate.go:55.2,58.17 1 1
playlist-service/internal/playlist/migrate.go:58.17,60.3 1 0
playlist-service/internal/playlist/migrate.go:62.2,65.20 1 1
playlist-service/internal/playlist/migrate.go:65.20,67.3 1 0
playlist-service/internal/playlist/migrate.go:69.2,76.20 1 1
playlist-service/internal/playlist/migrate.go:76.20,78.3 1 0
playlist-service/internal/playlist/migrate.go:80.2,87.17 1 1
playlist-service/internal/playlist/migrate.go:87.17,89.3 1 0
playlist-service/internal/playlist/migrate.go:91.2,91.12 1 1
playlist-service/internal/playlist/server.go:27.50,32.2 1 1
playlist-service/internal/playlist/server.go:34.84,37.33 2 1
playlist-service/internal/playlist/server.go:37.33,39.3 1 0
playlist-service/internal/playlist/server.go:41.2,46.29 4 1
playlist-service/internal/playlist/server.go:46.29,62.3 11 1
playlist-service/internal/playlist/server.go:64.2,64.10 1 1
playlist-service/internal/playlist/server.go:67.71,72.2 1 1
playlist-service/internal/playlist/server.go:76.79,79.62 2 1
playlist-service/internal/playlist/server.go:79.62,82.3 2 0
playlist-service/internal/playlist/server.go:84.2,85.64 2 1
playlist-service/internal/playlist/ticker.go:11.51,13.12 2 0
playlist-service/internal/playlist/ticker.go:13.12,14.7 1 0
playlist-service/internal/playlist/ticker.go:14.7,15.11 1 0
playlist-service/internal/playlist/ticker.go:16.22,18.11 2 0
playlist-service/internal/playlist/ticker.go:19.20,20.33 1 0
playlist-service/internal/playlist/ticker.go:26.61,39.16 2 1
playlist-service/internal/playlist/ticker.go:39.16,42.3 2 0
playlist-service/internal/playlist/ticker.go:43.2,46.18 3 1
playlist-service/internal/playlist/ticker.go:46.18,48.40 2 1
playlist-service/internal/playlist/ticker.go:48.40,50.12 2 0
playlist-service/internal/playlist/ticker.go:52.3,52.40 1 1
playlist-service/internal/playlist/ticker.go:55.2,55.33 1 1
playlist-service/internal/playlist/ticker.go:55.33,57.49 2 1
playlist-service/internal/playlist/ticker.go:57.49,59.4 1 0
