mode: set
auth-service/cmd/service/email_sender.go:20.60,23.2 2 0
auth-service/cmd/service/email_sender.go:34.50,41.72 6 0
auth-service/cmd/service/email_sender.go:41.72,43.3 1 0
auth-service/cmd/service/email_sender.go:45.2,51.8 1 0
auth-service/cmd/service/email_sender.go:54.59,70.2 4 0
auth-service/cmd/service/email_verification.go:9.60,12.16 2 1
auth-service/cmd/service/email_verification.go:12.16,14.34 2 0
auth-service/cmd/service/email_verification.go:14.34,16.4 1 0
auth-service/cmd/service/email_verification.go:17.3,17.55 1 0
auth-service/cmd/service/email_verification.go:20.2,20.60 1 1
auth-service/cmd/service/email_verification.go:23.69,33.70 4 1
auth-service/cmd/service/email_verification.go:33.70,35.3 1 1
auth-service/cmd/service/email_verification.go:35.8,37.3 1 1
auth-service/cmd/service/email_verification.go:40.53,42.16 2 1
auth-service/cmd/service/email_verification.go:42.16,44.34 2 0
auth-service/cmd/service/email_verification.go:44.34,46.4 1 0
auth-service/cmd/service/email_verification.go:47.3,47.55 1 0
auth-service/cmd/service/email_verification.go:49.2,49.62 1 1
auth-service/cmd/service/email_verification.go:52.70,62.70 4 1
auth-service/cmd/service/email_verification.go:62.70,64.3 1 0
auth-service/cmd/service/email_verification.go:64.8,66.3 1 1
auth-service/cmd/service/handlers_auth.go:29.73,31.63 2 1
auth-service/cmd/service/handlers_auth.go:31.63,34.3 2 1
auth-service/cmd/service/handlers_auth.go:36.2,37.41 2 1
auth-service/cmd/service/handlers_auth.go:37.41,40.3 2 0
auth-service/cmd/service/handlers_auth.go:41.2,41.29 1 1
auth-service/cmd/service/handlers_auth.go:41.29,44.3 2 1
auth-service/cmd/service/handlers_auth.go:46.2,47.16 2 1
auth-service/cmd/service/handlers_auth.go:47.16,51.3 3 0
auth-service/cmd/service/handlers_auth.go:53.2,54.16 2 1
auth-service/cmd/service/handlers_auth.go:54.16,55.105 1 1
auth-service/cmd/service/handlers_auth.go:55.105,58.4 2 1
auth-service/cmd/service/handlers_auth.go:59.3,61.9 3 1
auth-service/cmd/service/handlers_auth.go:65.2,66.81 2 1
auth-service/cmd/service/handlers_auth.go:66.81,68.3 1 1
auth-service/cmd/service/handlers_auth.go:68.8,72.3 1 1
auth-service/cmd/service/handlers_auth.go:74.2,75.16 2 1
auth-service/cmd/service/handlers_auth.go:75.16,79.3 3 0
auth-service/cmd/service/handlers_auth.go:81.2,81.42 1 1
auth-service/cmd/service/handlers_auth.go:84.70,86.63 2 1
auth-service/cmd/service/handlers_auth.go:86.63,89.3 2 1
auth-service/cmd/service/handlers_auth.go:90.2,91.41 2 1
auth-service/cmd/service/handlers_auth.go:91.41,94.3 2 0
auth-service/cmd/service/handlers_auth.go:96.2,97.16 2 1
auth-service/cmd/service/handlers_auth.go:97.16,98.38 1 1
auth-service/cmd/service/handlers_auth.go:98.38,101.4 2 1
auth-service/cmd/service/handlers_auth.go:102.3,104.9 3 1
auth-service/cmd/service/handlers_auth.go:107.2,107.29 1 1
auth-service/cmd/service/handlers_auth.go:107.29,110.3 2 0
auth-service/cmd/service/handlers_auth.go:112.2,112.105 1 1
auth-service/cmd/service/handlers_auth.go:112.105,115.3 2 1
auth-service/cmd/service/handlers_auth.go:117.2,118.16 2 1
auth-service/cmd/service/handlers_auth.go:118.16,122.3 3 0
auth-service/cmd/service/handlers_auth.go:124.2,124.37 1 1
auth-service/cmd/service/handlers_auth.go:127.72,131.62 2 1
auth-service/cmd/service/handlers_auth.go:131.62,134.3 2 0
auth-service/cmd/service/handlers_auth.go:135.2,135.29 1 1
auth-service/cmd/service/handlers_auth.go:135.29,138.3 2 0
auth-service/cmd/service/handlers_auth.go:140.2,141.103 2 1
auth-service/cmd/service/handlers_auth.go:141.103,143.3 1 1
auth-service/cmd/service/handlers_auth.go:144.2,144.65 1 1
auth-service/cmd/service/handlers_auth.go:144.65,147.3 2 1
auth-service/cmd/service/handlers_auth.go:149.2,150.16 2 1
auth-service/cmd/service/handlers_auth.go:150.16,153.3 2 0
auth-service/cmd/service/handlers_auth.go:155.2,156.16 2 1
auth-service/cmd/service/handlers_auth.go:156.16,160.3 3 0
auth-service/cmd/service/handlers_auth.go:162.2,162.37 1 1
auth-service/cmd/service/handlers_auth.go:165.67,167.26 2 1
auth-service/cmd/service/handlers_auth.go:167.26,170.3 2 1
auth-service/cmd/service/handlers_auth.go:172.2,173.16 2 1
auth-service/cmd/service/handlers_auth.go:173.16,176.3 2 1
auth-service/cmd/service/handlers_auth.go:178.2,183.26 2 1
auth-service/cmd/service/handlers_auth.go:183.26,185.3 1 0
auth-service/cmd/service/handlers_auth.go:186.2,186.22 1 1
auth-service/cmd/service/handlers_auth.go:186.22,188.3 1 0
auth-service/cmd/service/handlers_auth.go:189.2,189.35 1 1
auth-service/cmd/service/handlers_auth.go:192.89,196.82 2 1
auth-service/cmd/service/handlers_auth.go:196.82,199.3 2 0
auth-service/cmd/service/handlers_auth.go:200.2,203.16 3 1
auth-service/cmd/service/handlers_auth.go:203.16,206.3 2 0
auth-service/cmd/service/handlers_auth.go:208.2,208.24 1 1
auth-service/cmd/service/handlers_auth.go:208.24,211.3 2 0
auth-service/cmd/service/handlers_auth.go:213.2,214.81 2 1
auth-service/cmd/service/handlers_auth.go:214.81,218.3 3 0
auth-service/cmd/service/handlers_auth.go:221.2,222.79 2 1
auth-service/cmd/service/handlers_auth.go:225.76,227.17 2 1
auth-service/cmd/service/handlers_auth.go:227.17,230.3 2 0
auth-service/cmd/service/handlers_auth.go:231.2,232.16 2 1
auth-service/cmd/service/handlers_auth.go:232.16,233.38 1 0
auth-service/cmd/service/handlers_auth.go:233.38,236.4 2 0
auth-service/cmd/service/handlers_auth.go:237.3,239.9 3 0
auth-service/cmd/service/handlers_auth.go:242.2,243.92 2 1
auth-service/cmd/service/handlers_auth.go:247.79,251.82 2 1
auth-service/cmd/service/handlers_auth.go:251.82,254.3 2 0
auth-service/cmd/service/handlers_auth.go:255.2,258.16 3 1
auth-service/cmd/service/handlers_auth.go:258.16,262.3 2 0
auth-service/cmd/service/handlers_auth.go:264.2,266.85 3 1
auth-service/cmd/service/handlers_auth.go:266.85,270.3 3 0
auth-service/cmd/service/handlers_auth.go:274.2,275.77 2 1
auth-service/cmd/service/handlers_auth.go:278.78,283.62 2 1
auth-service/cmd/service/handlers_auth.go:283.62,286.3 2 0
auth-service/cmd/service/handlers_auth.go:287.2,287.48 1 1
auth-service/cmd/service/handlers_auth.go:287.48,290.3 2 0
auth-service/cmd/service/handlers_auth.go:291.2,291.31 1 1
auth-service/cmd/service/handlers_auth.go:291.31,294.3 2 0
auth-service/cmd/service/handlers_auth.go:296.2,297.16 2 1
auth-service/cmd/service/handlers_auth.go:297.16,301.3 3 0
auth-service/cmd/service/handlers_auth.go:303.2,304.16 2 1
auth-service/cmd/service/handlers_auth.go:304.16,305.38 1 0
auth-service/cmd/service/handlers_auth.go:305.38,308.4 2 0
auth-service/cmd/service/handlers_auth.go:309.3,311.9 3 0
auth-service/cmd/service/handlers_auth.go:314.2,315.78 2 1
auth-service/cmd/service/handlers_auth.go:320.65,321.71 1 1
auth-service/cmd/service/handlers_auth.go:321.71,323.17 2 1
auth-service/cmd/service/handlers_auth.go:323.17,326.4 2 1
auth-service/cmd/service/handlers_auth.go:327.3,328.64 2 1
auth-service/cmd/service/handlers_auth.go:328.64,331.4 2 1
auth-service/cmd/service/handlers_auth.go:332.3,335.90 3 1
auth-service/cmd/service/handlers_auth.go:335.90,337.4 1 1
auth-service/cmd/service/handlers_auth.go:338.3,338.65 1 1
auth-service/cmd/service/handlers_auth.go:338.65,341.4 2 1
auth-service/cmd/service/handlers_auth.go:343.3,344.40 2 1
auth-service/cmd/service/handlers_auth.go:348.77,350.26 2 1
auth-service/cmd/service/handlers_auth.go:350.26,353.3 2 0
auth-service/cmd/service/handlers_auth.go:355.2,356.46 2 1
auth-service/cmd/service/handlers_auth.go:356.46,359.3 2 1
auth-service/cmd/service/handlers_auth.go:361.2,364.62 2 1
auth-service/cmd/service/handlers_auth.go:364.62,367.3 2 1
auth-service/cmd/service/handlers_auth.go:370.2,371.102 2 1
auth-service/cmd/service/handlers_auth.go:371.102,373.3 1 1
auth-service/cmd/service/handlers_auth.go:374.2,374.32 1 1
auth-service/cmd/service/handlers_auth.go:374.32,377.3 2 1
auth-service/cmd/service/handlers_auth.go:379.2,379.42 1 1
auth-service/cmd/service/handlers_auth.go:379.42,384.3 2 1
auth-service/cmd/service/handlers_auth.go:387.2,388.16 2 1
auth-service/cmd/service/handlers_auth.go:388.16,391.3 2 0
auth-service/cmd/service/handlers_auth.go:394.2,395.16 2 1
auth-service/cmd/service/handlers_auth.go:395.16,398.3 2 0
auth-service/cmd/service/handlers_auth.go:402.2,402.54 1 1
auth-service/cmd/service/handlers_auth.go:402.54,405.3 2 1
auth-service/cmd/service/handlers_auth.go:407.2,407.26 1 1
auth-service/cmd/service/handlers_auth.go:407.26,408.33 1 1
auth-service/cmd/service/handlers_auth.go:408.33,411.4 2 1
auth-service/cmd/service/handlers_auth.go:412.3,412.34 1 1
auth-service/cmd/service/handlers_auth.go:412.34,415.4 2 1
auth-service/cmd/service/handlers_auth.go:418.3,418.83 1 1
auth-service/cmd/service/handlers_auth.go:418.83,422.4 3 0
auth-service/cmd/service/handlers_auth.go:424.3,424.100 1 1
auth-service/cmd/service/handlers_auth.go:424.100,429.4 3 0
auth-service/cmd/service/handlers_auth.go:430.8,430.29 1 0
auth-service/cmd/service/handlers_auth.go:430.29,431.29 1 0
auth-service/cmd/service/handlers_auth.go:431.29,434.4 2 0
auth-service/cmd/service/handlers_auth.go:435.3,435.30 1 0
auth-service/cmd/service/handlers_auth.go:435.30,438.4 2 0
auth-service/cmd/service/handlers_auth.go:441.3,441.79 1 0
auth-service/cmd/service/handlers_auth.go:441.79,445.4 3 0
auth-service/cmd/service/handlers_auth.go:447.3,447.92 1 0
auth-service/cmd/service/handlers_auth.go:447.92,451.4 3 0
auth-service/cmd/service/handlers_auth.go:455.2,455.70 1 1
auth-service/cmd/service/handlers_auth.go:455.70,458.3 1 0
auth-service/cmd/service/handlers_auth.go:460.2,460.68 1 1
auth-service/cmd/service/handlers_auth.go:463.79,465.26 2 1
auth-service/cmd/service/handlers_auth.go:465.26,468.3 2 0
auth-service/cmd/service/handlers_auth.go:470.2,471.46 2 1
auth-service/cmd/service/handlers_auth.go:471.46,474.3 2 0
auth-service/cmd/service/handlers_auth.go:476.2,476.26 1 1
auth-service/cmd/service/handlers_auth.go:476.26,477.83 1 1
auth-service/cmd/service/handlers_auth.go:477.83,481.4 3 0
auth-service/cmd/service/handlers_auth.go:482.8,482.29 1 0
auth-service/cmd/service/handlers_auth.go:482.29,483.79 1 0
auth-service/cmd/service/handlers_auth.go:483.79,487.4 3 0
auth-service/cmd/service/handlers_auth.go:490.2,490.70 1 1
auth-service/cmd/service/handlers_oauth_42.go:32.72,33.87 1 1
auth-service/cmd/service/handlers_oauth_42.go:33.87,36.3 2 0
auth-service/cmd/service/handlers_oauth_42.go:38.2,39.20 2 1
auth-service/cmd/service/handlers_oauth_42.go:39.20,41.3 1 1
auth-service/cmd/service/handlers_oauth_42.go:43.2,52.48 9 1
auth-service/cmd/service/handlers_oauth_42.go:55.75,56.87 1 1
auth-service/cmd/service/handlers_oauth_42.go:56.87,59.3 2 1
auth-service/cmd/service/handlers_oauth_42.go:61.2,62.44 2 1
auth-service/cmd/service/handlers_oauth_42.go:62.44,65.3 2 1
auth-service/cmd/service/handlers_oauth_42.go:67.2,68.16 2 1
auth-service/cmd/service/handlers_oauth_42.go:68.16,71.3 2 0
auth-service/cmd/service/handlers_oauth_42.go:73.2,75.17 3 1
auth-service/cmd/service/handlers_oauth_42.go:75.17,76.76 1 0
auth-service/cmd/service/handlers_oauth_42.go:76.76,78.4 1 0
auth-service/cmd/service/handlers_oauth_42.go:81.2,91.16 9 1
auth-service/cmd/service/handlers_oauth_42.go:91.16,95.3 3 1
auth-service/cmd/service/handlers_oauth_42.go:96.2,98.38 2 1
auth-service/cmd/service/handlers_oauth_42.go:98.38,101.3 2 0
auth-service/cmd/service/handlers_oauth_42.go:103.2,104.63 2 1
auth-service/cmd/service/handlers_oauth_42.go:104.63,107.3 2 0
auth-service/cmd/service/handlers_oauth_42.go:109.2,110.16 2 1
auth-service/cmd/service/handlers_oauth_42.go:110.16,113.3 2 0
auth-service/cmd/service/handlers_oauth_42.go:114.2,117.16 3 1
auth-service/cmd/service/handlers_oauth_42.go:117.16,121.3 3 1
auth-service/cmd/service/handlers_oauth_42.go:122.2,124.39 2 1
auth-service/cmd/service/handlers_oauth_42.go:124.39,127.3 2 0
auth-service/cmd/service/handlers_oauth_42.go:129.2,130.64 2 1
auth-service/cmd/service/handlers_oauth_42.go:130.64,133.3 2 0
auth-service/cmd/service/handlers_oauth_42.go:135.2,136.31 2 1
auth-service/cmd/service/handlers_oauth_42.go:136.31,139.3 2 0
auth-service/cmd/service/handlers_oauth_42.go:141.2,143.16 3 1
auth-service/cmd/service/handlers_oauth_42.go:143.16,147.3 3 1
auth-service/cmd/service/handlers_oauth_42.go:149.2,150.16 2 1
auth-service/cmd/service/handlers_oauth_42.go:150.16,154.3 3 0
auth-service/cmd/service/handlers_oauth_42.go:156.2,156.41 1 1
auth-service/cmd/service/handlers_oauth_42.go:156.41,159.3 2 0
auth-service/cmd/service/handlers_oauth_42.go:161.2,162.16 2 1
auth-service/cmd/service/handlers_oauth_42.go:162.16,164.3 1 0
auth-service/cmd/service/handlers_oauth_42.go:165.2,170.61 5 1
auth-service/cmd/service/handlers_oauth_42.go:173.34,175.2 1 1
auth-service/cmd/service/handlers_oauth_google.go:30.76,31.99 1 1
auth-service/cmd/service/handlers_oauth_google.go:31.99,34.3 2 0
auth-service/cmd/service/handlers_oauth_google.go:36.2,37.20 2 1
auth-service/cmd/service/handlers_oauth_google.go:37.20,39.3 1 0
auth-service/cmd/service/handlers_oauth_google.go:41.2,51.48 10 1
auth-service/cmd/service/handlers_oauth_google.go:54.79,55.99 1 1
auth-service/cmd/service/handlers_oauth_google.go:55.99,59.3 3 1
auth-service/cmd/service/handlers_oauth_google.go:61.2,62.44 2 1
auth-service/cmd/service/handlers_oauth_google.go:62.44,65.3 2 1
auth-service/cmd/service/handlers_oauth_google.go:67.2,68.16 2 1
auth-service/cmd/service/handlers_oauth_google.go:68.16,71.3 2 1
auth-service/cmd/service/handlers_oauth_google.go:73.2,75.17 3 1
auth-service/cmd/service/handlers_oauth_google.go:75.17,76.76 1 1
auth-service/cmd/service/handlers_oauth_google.go:76.76,78.4 1 1
auth-service/cmd/service/handlers_oauth_google.go:82.2,92.16 9 1
auth-service/cmd/service/handlers_oauth_google.go:92.16,96.3 3 1
auth-service/cmd/service/handlers_oauth_google.go:97.2,99.38 2 1
auth-service/cmd/service/handlers_oauth_google.go:99.38,102.3 2 1
auth-service/cmd/service/handlers_oauth_google.go:104.2,105.63 2 1
auth-service/cmd/service/handlers_oauth_google.go:105.63,108.3 2 1
auth-service/cmd/service/handlers_oauth_google.go:111.2,112.16 2 1
auth-service/cmd/service/handlers_oauth_google.go:112.16,115.3 2 0
auth-service/cmd/service/handlers_oauth_google.go:116.2,119.16 3 1
auth-service/cmd/service/handlers_oauth_google.go:119.16,123.3 3 1
auth-service/cmd/service/handlers_oauth_google.go:124.2,126.39 2 1
auth-service/cmd/service/handlers_oauth_google.go:126.39,129.3 2 1
auth-service/cmd/service/handlers_oauth_google.go:131.2,132.64 2 1
auth-service/cmd/service/handlers_oauth_google.go:132.64,135.3 2 1
auth-service/cmd/service/handlers_oauth_google.go:137.2,138.33 2 1
auth-service/cmd/service/handlers_oauth_google.go:138.33,141.3 2 1
auth-service/cmd/service/handlers_oauth_google.go:143.2,144.16 2 1
auth-service/cmd/service/handlers_oauth_google.go:144.16,148.3 3 1
auth-service/cmd/service/handlers_oauth_google.go:150.2,151.16 2 1
auth-service/cmd/service/handlers_oauth_google.go:151.16,155.3 3 0
auth-service/cmd/service/handlers_oauth_google.go:158.2,158.41 1 1
auth-service/cmd/service/handlers_oauth_google.go:158.41,161.3 2 0
auth-service/cmd/service/handlers_oauth_google.go:164.2,165.16 2 1
auth-service/cmd/service/handlers_oauth_google.go:165.16,167.3 1 0
auth-service/cmd/service/handlers_oauth_google.go:168.2,173.61 5 1
auth-service/cmd/service/http_utils.go:17.64,23.2 3 1
auth-service/cmd/service/http_utils.go:25.66,29.2 3 1
auth-service/cmd/service/http_utils.go:31.32,33.40 2 1
auth-service/cmd/service/http_utils.go:33.40,36.3 1 0
auth-service/cmd/service/http_utils.go:37.2,37.30 1 1
auth-service/cmd/service/jwt.go:25.65,41.16 5 1
auth-service/cmd/service/jwt.go:41.16,43.3 1 0
auth-service/cmd/service/jwt.go:45.2,58.16 4 1
auth-service/cmd/service/jwt.go:58.16,60.3 1 0
auth-service/cmd/service/jwt.go:62.2,65.8 1 1
auth-service/cmd/service/jwt.go:68.75,70.97 2 1
auth-service/cmd/service/jwt.go:70.97,72.3 1 1
auth-service/cmd/service/jwt.go:73.2,73.16 1 1
auth-service/cmd/service/jwt.go:73.16,75.3 1 1
auth-service/cmd/service/jwt.go:76.2,76.18 1 1
auth-service/cmd/service/jwt.go:76.18,78.3 1 0
auth-service/cmd/service/jwt.go:79.2,79.20 1 1
auth-service/cmd/service/main.go:31.13,36.16 4 0
auth-service/cmd/service/main.go:36.16,38.3 1 0
auth-service/cmd/service/main.go:39.2,41.47 2 0
auth-service/cmd/service/main.go:41.47,43.3 1 0
auth-service/cmd/service/main.go:45.2,46.25 2 0
auth-service/cmd/service/main.go:46.25,48.3 1 0
auth-service/cmd/service/main.go:50.2,54.16 4 0
auth-service/cmd/service/main.go:54.16,57.3 2 0
auth-service/cmd/service/main.go:59.2,85.64 8 0
auth-service/cmd/service/main.go:85.64,88.3 2 0
auth-service/cmd/service/main.go:91.2,109.29 12 0
auth-service/cmd/service/main.go:109.29,114.3 4 0
auth-service/cmd/service/main.go:116.2,118.57 3 0
auth-service/cmd/service/main.go:118.57,120.3 1 0
auth-service/cmd/service/main.go:123.58,126.16 3 0
auth-service/cmd/service/main.go:126.16,128.3 1 0
auth-service/cmd/service/main.go:129.2,129.12 1 0
auth-service/cmd/service/main.go:132.35,133.32 1 0
auth-service/cmd/service/main.go:133.32,135.3 1 0
auth-service/cmd/service/main.go:136.2,136.12 1 0
auth-service/cmd/service/models.go:30.65,48.16 2 0
auth-service/cmd/service/models.go:48.16,51.3 2 0
auth-service/cmd/service/models.go:52.2,52.12 1 0
auth-service/cmd/service/oauth_config.go:17.45,23.2 1 0
auth-service/cmd/service/oauth_config.go:25.37,31.2 1 0
auth-service/cmd/service/repository.go:33.66,35.2 1 0
auth-service/cmd/service/repository.go:37.99,46.2 2 0
auth-service/cmd/service/repository.go:48.93,57.2 2 0
auth-service/cmd/service/repository.go:59.105,68.2 2 0
auth-service/cmd/service/repository.go:70.97,79.2 2 0
auth-service/cmd/service/repository.go:81.120,93.2 2 0
auth-service/cmd/service/repository.go:95.114,97.16 2 0
auth-service/cmd/service/repository.go:97.16,98.29 1 0
auth-service/cmd/service/repository.go:98.29,100.4 1 0
auth-service/cmd/service/repository.go:101.8,102.26 1 0
auth-service/cmd/service/repository.go:102.26,112.4 2 0
auth-service/cmd/service/repository.go:113.3,113.19 1 0
auth-service/cmd/service/repository.go:116.2,117.16 2 0
auth-service/cmd/service/repository.go:117.16,118.29 1 0
auth-service/cmd/service/repository.go:118.29,120.4 1 0
auth-service/cmd/service/repository.go:121.8,131.3 2 0
auth-service/cmd/service/repository.go:133.2,142.26 2 0
auth-service/cmd/service/repository.go:145.106,160.2 2 0
auth-service/cmd/service/repository.go:162.100,169.2 2 0
auth-service/cmd/service/repository.go:171.102,183.2 2 0
auth-service/cmd/service/repository.go:185.114,193.2 2 0
auth-service/cmd/service/repository.go:195.128,211.2 2 0
auth-service/cmd/service/repository.go:213.83,216.2 2 0
auth-service/cmd/service/repository.go:218.117,230.2 2 0
auth-service/cmd/service/repository.go:232.109,244.2 2 0
auth-service/cmd/service/repository.go:246.50,266.16 5 0
auth-service/cmd/service/repository.go:266.16,267.36 1 0
auth-service/cmd/service/repository.go:267.36,269.4 1 0
auth-service/cmd/service/repository.go:270.3,270.25 1 0
auth-service/cmd/service/repository.go:272.2,279.15 8 0
