mode: set
realtime-service/internal/realtime/client.go:30.29,31.15 1 1
realtime-service/internal/realtime/client.go:31.15,33.3 1 1
realtime-service/internal/realtime/client.go:35.2,37.43 3 1
realtime-service/internal/realtime/client.go:37.43,40.3 2 0
realtime-service/internal/realtime/client.go:42.2,42.6 1 1
realtime-service/internal/realtime/client.go:42.6,43.52 1 1
realtime-service/internal/realtime/client.go:43.52,44.9 1 1
realtime-service/internal/realtime/client.go:49.30,51.15 2 1
realtime-service/internal/realtime/client.go:51.15,54.3 2 1
realtime-service/internal/realtime/client.go:56.2,56.6 1 1
realtime-service/internal/realtime/client.go:56.6,57.10 1 1
realtime-service/internal/realtime/client.go:58.32,60.11 2 1
realtime-service/internal/realtime/client.go:60.11,63.5 2 1
realtime-service/internal/realtime/client.go:64.4,64.78 1 1
realtime-service/internal/realtime/client.go:64.78,66.5 1 0
realtime-service/internal/realtime/client.go:68.19,70.74 2 0
realtime-service/internal/realtime/client.go:70.74,72.5 1 0
realtime-service/internal/realtime/helpers.go:8.58,12.2 3 1
realtime-service/internal/realtime/helpers.go:14.64,20.2 3 1
realtime-service/internal/realtime/hub.go:18.20,25.2 1 1
realtime-service/internal/realtime/hub.go:27.21,28.6 1 1
realtime-service/internal/realtime/hub.go:28.6,29.10 1 1
realtime-service/internal/realtime/hub.go:30.31,31.28 1 1
realtime-service/internal/realtime/hub.go:33.33,34.38 1 1
realtime-service/internal/realtime/hub.go:34.38,38.5 3 1
realtime-service/internal/realtime/hub.go:40.33,41.34 1 1
realtime-service/internal/realtime/hub.go:41.34,42.12 1 1
realtime-service/internal/realtime/hub.go:43.33,43.33 0 1
realtime-service/internal/realtime/hub.go:44.13,47.29 3 0
realtime-service/internal/realtime/server.go:16.42,18.3 1 1
realtime-service/internal/realtime/server.go:28.97,35.2 1 1
realtime-service/internal/realtime/server.go:37.84,40.33 2 0
realtime-service/internal/realtime/server.go:40.33,42.3 1 0
realtime-service/internal/realtime/server.go:44.2,48.10 4 0
realtime-service/internal/realtime/server.go:51.39,56.22 4 1
realtime-service/internal/realtime/server.go:56.22,58.3 1 1
realtime-service/internal/realtime/server.go:61.71,66.2 1 1
realtime-service/internal/realtime/server.go:68.67,69.38 1 1
realtime-service/internal/realtime/server.go:69.38,72.3 2 0
realtime-service/internal/realtime/server.go:74.2,74.28 1 1
realtime-service/internal/realtime/server.go:74.28,76.49 2 1
realtime-service/internal/realtime/server.go:76.49,80.4 3 1
realtime-service/internal/realtime/server.go:83.2,84.16 2 1
realtime-service/internal/realtime/server.go:84.16,87.3 2 0
realtime-service/internal/realtime/server.go:89.2,100.49 4 1
realtime-service/internal/realtime/server.go:100.49,102.3 1 1
realtime-service/internal/realtime/server.go:104.2,105.22 2 1
realtime-service/internal/realtime/server.go:108.71,112.65 3 1
realtime-service/internal/realtime/server.go:112.65,115.3 2 0
realtime-service/internal/realtime/server.go:117.2,118.16 2 1
realtime-service/internal/realtime/server.go:118.16,121.3 2 0
realtime-service/internal/realtime/server.go:123.2,123.78 1 1
realtime-service/internal/realtime/server.go:123.78,127.3 3 0
realtime-service/internal/realtime/server.go:129.2,129.57 1 1
