mode: set
music-provider-service/internal/provider/handlers_search.go:11.71,15.13 3 1
music-provider-service/internal/provider/handlers_search.go:15.13,18.3 2 1
music-provider-service/internal/provider/handlers_search.go:19.2,19.18 1 1
music-provider-service/internal/provider/handlers_search.go:19.18,22.3 2 1
music-provider-service/internal/provider/handlers_search.go:24.2,25.25 2 1
music-provider-service/internal/provider/handlers_search.go:25.25,27.3 1 1
music-provider-service/internal/provider/handlers_search.go:28.2,28.32 1 1
music-provider-service/internal/provider/handlers_search.go:28.32,31.3 2 1
music-provider-service/internal/provider/handlers_search.go:33.2,35.20 3 1
music-provider-service/internal/provider/handlers_search.go:35.20,36.71 1 1
music-provider-service/internal/provider/handlers_search.go:36.71,38.4 1 1
music-provider-service/internal/provider/handlers_search.go:42.2,44.18 2 1
music-provider-service/internal/provider/handlers_search.go:44.18,45.67 1 0
music-provider-service/internal/provider/handlers_search.go:45.67,47.52 2 0
music-provider-service/internal/provider/handlers_search.go:47.52,50.5 2 0
music-provider-service/internal/provider/handlers_search.go:54.2,55.16 2 1
music-provider-service/internal/provider/handlers_search.go:55.16,58.3 2 1
music-provider-service/internal/provider/handlers_search.go:60.2,62.18 2 1
music-provider-service/internal/provider/handlers_search.go:62.18,63.50 1 0
music-provider-service/internal/provider/handlers_search.go:63.50,65.4 1 0
music-provider-service/internal/provider/handlers_search.go:68.2,68.35 1 1
music-provider-service/internal/provider/http_utils.go:8.58,12.2 3 1
music-provider-service/internal/provider/http_utils.go:14.64,16.2 1 1
music-provider-service/internal/provider/server.go:19.55,24.2 1 1
music-provider-service/internal/provider/server.go:26.71,31.2 1 1
music-provider-service/internal/provider/youtube.go:21.64,29.2 1 1
music-provider-service/internal/provider/youtube.go:54.111,55.30 1 1
music-provider-service/internal/provider/youtube.go:55.30,57.3 1 0
music-provider-service/internal/provider/youtube.go:59.2,69.16 9 1
music-provider-service/internal/provider/youtube.go:69.16,71.3 1 0
music-provider-service/internal/provider/youtube.go:73.2,74.16 2 1
music-provider-service/internal/provider/youtube.go:74.16,76.3 1 0
music-provider-service/internal/provider/youtube.go:77.2,79.38 2 1
music-provider-service/internal/provider/youtube.go:79.38,81.3 1 0
music-provider-service/internal/provider/youtube.go:83.2,84.65 2 1
music-provider-service/internal/provider/youtube.go:84.65,86.3 1 0
music-provider-service/internal/provider/youtube.go:88.2,91.32 3 1
music-provider-service/internal/provider/youtube.go:91.32,94.18 3 1
music-provider-service/internal/provider/youtube.go:94.18,96.4 1 0
music-provider-service/internal/provider/youtube.go:97.3,97.18 1 1
music-provider-service/internal/provider/youtube.go:97.18,99.4 1 0
music-provider-service/internal/provider/youtube.go:101.3,108.45 2 1
music-provider-service/internal/provider/youtube.go:112.2,112.23 1 1
music-provider-service/internal/provider/youtube.go:112.23,114.17 2 1
music-provider-service/internal/provider/youtube.go:114.17,115.23 1 1
music-provider-service/internal/provider/youtube.go:115.23,116.55 1 1
music-provider-service/internal/provider/youtube.go:116.55,118.6 1 1
music-provider-service/internal/provider/youtube.go:120.9,123.4 1 0
music-provider-service/internal/provider/youtube.go:126.2,126.17 1 1
music-provider-service/internal/provider/youtube.go:138.99,148.75 6 1
music-provider-service/internal/provider/youtube.go:148.75,150.3 1 1
music-provider-service/internal/provider/youtube.go:152.2,154.16 3 1
music-provider-service/internal/provider/youtube.go:154.16,156.3 1 0
music-provider-service/internal/provider/youtube.go:158.2,159.16 2 1
music-provider-service/internal/provider/youtube.go:159.16,161.3 1 0
music-provider-service/internal/provider/youtube.go:162.2,164.38 2 1
music-provider-service/internal/provider/youtube.go:164.38,166.3 1 0
music-provider-service/internal/provider/youtube.go:168.2,169.65 2 1
music-provider-service/internal/provider/youtube.go:169.65,171.3 1 0
music-provider-service/internal/provider/youtube.go:173.2,174.34 2 1
music-provider-service/internal/provider/youtube.go:174.34,176.3 1 1
music-provider-service/internal/provider/youtube.go:177.2,177.23 1 1
music-provider-service/internal/provider/youtube.go:180.48,185.22 3 1
music-provider-service/internal/provider/youtube.go:185.22,187.3 1 1
music-provider-service/internal/provider/youtube.go:189.2,194.35 5 1
