mode: set
user-service/cmd/service/utils/utils.go:7.33,10.2 2 0
user-service/cmd/service/avatar_utils.go:10.32,12.2 1 1
user-service/cmd/service/avatar_utils.go:14.25,16.2 1 1
user-service/cmd/service/avatar_utils.go:18.31,20.2 1 1
user-service/cmd/service/avatar_utils.go:22.42,26.16 3 1
user-service/cmd/service/avatar_utils.go:26.16,28.3 1 0
user-service/cmd/service/avatar_utils.go:30.2,31.28 2 1
user-service/cmd/service/avatar_utils.go:31.28,32.16 1 1
user-service/cmd/service/avatar_utils.go:32.16,33.12 1 0
user-service/cmd/service/avatar_utils.go:35.3,37.14 3 1
user-service/cmd/service/avatar_utils.go:38.49,39.31 1 1
user-service/cmd/service/avatar_utils.go:43.2,43.19 1 1
user-service/cmd/service/avatar_utils.go:46.31,48.35 2 1
user-service/cmd/service/avatar_utils.go:48.35,50.3 1 0
user-service/cmd/service/avatar_utils.go:53.2,54.27 2 1
user-service/cmd/service/avatar_utils.go:57.92,58.49 1 1
user-service/cmd/service/avatar_utils.go:58.49,60.3 1 0
user-service/cmd/service/avatar_utils.go:61.2,61.68 1 1
user-service/cmd/service/avatar_utils.go:61.68,63.3 1 0
user-service/cmd/service/avatar_utils.go:64.2,64.63 1 1
user-service/cmd/service/avatar_utils.go:64.63,66.3 1 1
user-service/cmd/service/avatar_utils.go:67.2,67.27 1 1
user-service/cmd/service/dto.go:47.53,48.24 1 1
user-service/cmd/service/dto.go:48.24,50.3 1 1
user-service/cmd/service/dto.go:52.2,52.25 1 1
user-service/cmd/service/dto.go:52.25,54.12 2 1
user-service/cmd/service/dto.go:55.39,56.21 1 1
user-service/cmd/service/dto.go:57.11,58.85 1 1
user-service/cmd/service/dto.go:62.2,65.38 3 1
user-service/cmd/service/dto.go:65.38,66.15 1 1
user-service/cmd/service/dto.go:66.15,68.4 1 1
user-service/cmd/service/dto.go:69.3,70.19 2 1
user-service/cmd/service/dto.go:70.19,72.4 1 1
user-service/cmd/service/dto.go:73.3,73.9 1 1
user-service/cmd/service/dto.go:76.2,79.12 3 1
user-service/cmd/service/dto.go:98.42,101.23 3 1
user-service/cmd/service/dto.go:101.23,103.14 2 1
user-service/cmd/service/dto.go:103.14,104.12 1 1
user-service/cmd/service/dto.go:106.3,107.32 2 1
user-service/cmd/service/dto.go:107.32,108.12 1 1
user-service/cmd/service/dto.go:110.3,111.23 2 1
user-service/cmd/service/dto.go:113.2,113.12 1 1
user-service/cmd/service/dto.go:116.70,134.2 1 1
user-service/cmd/service/dto.go:136.74,150.2 1 1
user-service/cmd/service/handlers.go:9.76,11.13 2 1
user-service/cmd/service/handlers.go:11.13,14.3 2 1
user-service/cmd/service/handlers.go:15.2,15.17 1 1
user-service/cmd/service/handlers.go:15.17,18.3 2 1
user-service/cmd/service/handlers.go:20.2,34.16 3 1
user-service/cmd/service/handlers.go:34.16,38.3 3 0
user-service/cmd/service/handlers.go:39.2,42.18 3 1
user-service/cmd/service/handlers.go:42.18,44.17 2 1
user-service/cmd/service/handlers.go:44.17,46.12 2 0
user-service/cmd/service/handlers.go:48.3,53.5 1 1
user-service/cmd/service/handlers.go:55.2,55.35 1 1
user-service/cmd/service/handlers.go:55.35,58.3 2 0
user-service/cmd/service/handlers.go:60.2,62.4 1 1
user-service/cmd/service/handlers_avatar.go:14.85,16.9 2 1
user-service/cmd/service/handlers_avatar.go:16.9,19.3 2 1
user-service/cmd/service/handlers_avatar.go:21.2,22.16 2 1
user-service/cmd/service/handlers_avatar.go:22.16,26.3 3 1
user-service/cmd/service/handlers_avatar.go:28.2,34.57 5 1
user-service/cmd/service/handlers_avatar.go:34.57,38.3 3 1
user-service/cmd/service/handlers_avatar.go:40.2,43.35 3 1
user-service/cmd/service/handlers_avatar.go:47.77,49.9 2 1
user-service/cmd/service/handlers_avatar.go:49.9,52.3 2 1
user-service/cmd/service/handlers_avatar.go:54.2,57.60 3 1
user-service/cmd/service/handlers_avatar.go:57.60,60.3 2 1
user-service/cmd/service/handlers_avatar.go:62.2,63.16 2 1
user-service/cmd/service/handlers_avatar.go:63.16,66.3 2 1
user-service/cmd/service/handlers_avatar.go:67.2,70.13 3 1
user-service/cmd/service/handlers_avatar.go:71.40,71.40 0 1
user-service/cmd/service/handlers_avatar.go:72.10,74.9 2 1
user-service/cmd/service/handlers_avatar.go:77.2,78.54 2 1
user-service/cmd/service/handlers_avatar.go:78.54,82.3 3 0
user-service/cmd/service/handlers_avatar.go:84.2,88.16 4 1
user-service/cmd/service/handlers_avatar.go:88.16,92.3 3 0
user-service/cmd/service/handlers_avatar.go:93.2,95.46 2 1
user-service/cmd/service/handlers_avatar.go:95.46,99.3 3 0
user-service/cmd/service/handlers_avatar.go:101.2,102.16 2 1
user-service/cmd/service/handlers_avatar.go:102.16,106.3 3 1
user-service/cmd/service/handlers_avatar.go:108.2,112.57 4 1
user-service/cmd/service/handlers_avatar.go:112.57,116.3 3 1
user-service/cmd/service/handlers_avatar.go:118.2,121.35 3 1
user-service/cmd/service/handlers_friends.go:13.76,15.9 2 1
user-service/cmd/service/handlers_friends.go:15.9,18.3 2 0
user-service/cmd/service/handlers_friends.go:20.2,32.16 2 1
user-service/cmd/service/handlers_friends.go:32.16,36.3 3 1
user-service/cmd/service/handlers_friends.go:37.2,40.18 3 1
user-service/cmd/service/handlers_friends.go:40.18,49.17 2 1
user-service/cmd/service/handlers_friends.go:49.17,51.12 2 0
user-service/cmd/service/handlers_friends.go:53.3,58.5 1 1
user-service/cmd/service/handlers_friends.go:60.2,60.35 1 1
user-service/cmd/service/handlers_friends.go:60.35,63.3 2 0
user-service/cmd/service/handlers_friends.go:65.2,67.4 1 1
user-service/cmd/service/handlers_friends.go:70.82,72.9 2 1
user-service/cmd/service/handlers_friends.go:72.9,75.3 2 0
user-service/cmd/service/handlers_friends.go:76.2,77.34 2 1
user-service/cmd/service/handlers_friends.go:77.34,80.3 2 1
user-service/cmd/service/handlers_friends.go:81.2,81.32 1 1
user-service/cmd/service/handlers_friends.go:81.32,84.3 2 1
user-service/cmd/service/handlers_friends.go:86.2,89.16 3 1
user-service/cmd/service/handlers_friends.go:89.16,93.3 3 0
user-service/cmd/service/handlers_friends.go:94.2,94.13 1 1
user-service/cmd/service/handlers_friends.go:94.13,97.3 2 1
user-service/cmd/service/handlers_friends.go:99.2,100.16 2 1
user-service/cmd/service/handlers_friends.go:100.16,104.3 3 0
user-service/cmd/service/handlers_friends.go:105.2,105.13 1 1
user-service/cmd/service/handlers_friends.go:105.13,108.3 2 1
user-service/cmd/service/handlers_friends.go:110.2,116.36 3 1
user-service/cmd/service/handlers_friends.go:116.36,122.17 2 1
user-service/cmd/service/handlers_friends.go:122.17,126.4 3 1
user-service/cmd/service/handlers_friends.go:127.3,127.55 1 1
user-service/cmd/service/handlers_friends.go:127.55,131.4 3 1
user-service/cmd/service/handlers_friends.go:132.3,135.9 2 1
user-service/cmd/service/handlers_friends.go:138.2,153.16 3 1
user-service/cmd/service/handlers_friends.go:153.16,157.3 3 1
user-service/cmd/service/handlers_friends.go:159.2,159.35 1 1
user-service/cmd/service/handlers_friends.go:162.84,164.9 2 1
user-service/cmd/service/handlers_friends.go:164.9,167.3 2 0
user-service/cmd/service/handlers_friends.go:168.2,169.30 2 1
user-service/cmd/service/handlers_friends.go:169.30,172.3 2 0
user-service/cmd/service/handlers_friends.go:174.2,181.16 4 1
user-service/cmd/service/handlers_friends.go:181.16,184.3 2 1
user-service/cmd/service/handlers_friends.go:186.2,191.16 2 1
user-service/cmd/service/handlers_friends.go:191.16,195.3 3 1
user-service/cmd/service/handlers_friends.go:197.2,197.52 1 1
user-service/cmd/service/handlers_friends.go:197.52,201.3 3 0
user-service/cmd/service/handlers_friends.go:203.2,205.4 1 1
user-service/cmd/service/handlers_friends.go:208.84,210.9 2 1
user-service/cmd/service/handlers_friends.go:210.9,213.3 2 0
user-service/cmd/service/handlers_friends.go:214.2,215.30 2 1
user-service/cmd/service/handlers_friends.go:215.30,218.3 2 0
user-service/cmd/service/handlers_friends.go:220.2,226.16 3 1
user-service/cmd/service/handlers_friends.go:226.16,230.3 3 1
user-service/cmd/service/handlers_friends.go:231.2,232.14 2 1
user-service/cmd/service/handlers_friends.go:232.14,235.3 2 0
user-service/cmd/service/handlers_friends.go:237.2,239.4 1 1
user-service/cmd/service/handlers_friends.go:242.77,244.9 2 1
user-service/cmd/service/handlers_friends.go:244.9,247.3 2 0
user-service/cmd/service/handlers_friends.go:248.2,249.38 2 1
user-service/cmd/service/handlers_friends.go:249.38,252.3 2 0
user-service/cmd/service/handlers_friends.go:254.2,254.67 1 1
user-service/cmd/service/handlers_friends.go:254.67,258.3 3 1
user-service/cmd/service/handlers_friends.go:260.2,262.4 1 1
user-service/cmd/service/handlers_friends.go:265.91,267.9 2 1
user-service/cmd/service/handlers_friends.go:267.9,270.3 2 0
user-service/cmd/service/handlers_friends.go:272.2,281.16 2 1
user-service/cmd/service/handlers_friends.go:281.16,285.3 3 1
user-service/cmd/service/handlers_friends.go:286.2,289.18 3 1
user-service/cmd/service/handlers_friends.go:289.18,301.17 3 1
user-service/cmd/service/handlers_friends.go:301.17,303.12 2 0
user-service/cmd/service/handlers_friends.go:306.3,314.5 1 1
user-service/cmd/service/handlers_friends.go:316.2,316.35 1 1
user-service/cmd/service/handlers_friends.go:316.35,319.3 2 0
user-service/cmd/service/handlers_friends.go:321.2,321.75 1 1
user-service/cmd/service/handlers_profile.go:14.70,16.9 2 1
user-service/cmd/service/handlers_profile.go:16.9,19.3 2 0
user-service/cmd/service/handlers_profile.go:21.2,22.16 2 1
user-service/cmd/service/handlers_profile.go:22.16,26.3 3 1
user-service/cmd/service/handlers_profile.go:28.2,31.35 3 1
user-service/cmd/service/handlers_profile.go:34.72,36.9 2 1
user-service/cmd/service/handlers_profile.go:36.9,39.3 2 0
user-service/cmd/service/handlers_profile.go:41.2,42.61 2 1
user-service/cmd/service/handlers_profile.go:42.61,45.3 2 1
user-service/cmd/service/handlers_profile.go:47.2,47.39 1 1
user-service/cmd/service/handlers_profile.go:47.39,50.3 2 1
user-service/cmd/service/handlers_profile.go:52.2,53.16 2 1
user-service/cmd/service/handlers_profile.go:53.16,57.3 3 0
user-service/cmd/service/handlers_profile.go:59.2,61.28 2 1
user-service/cmd/service/handlers_profile.go:61.28,63.3 1 1
user-service/cmd/service/handlers_profile.go:64.2,64.20 1 1
user-service/cmd/service/handlers_profile.go:64.20,66.3 1 1
user-service/cmd/service/handlers_profile.go:67.2,67.27 1 1
user-service/cmd/service/handlers_profile.go:67.27,69.3 1 1
user-service/cmd/service/handlers_profile.go:70.2,70.28 1 1
user-service/cmd/service/handlers_profile.go:70.28,76.3 1 0
user-service/cmd/service/handlers_profile.go:78.2,80.57 2 1
user-service/cmd/service/handlers_profile.go:80.57,84.3 3 1
user-service/cmd/service/handlers_profile.go:86.2,89.35 3 1
user-service/cmd/service/handlers_profile.go:92.81,94.24 2 1
user-service/cmd/service/handlers_profile.go:94.24,97.3 2 0
user-service/cmd/service/handlers_profile.go:99.2,102.16 3 1
user-service/cmd/service/handlers_profile.go:102.16,103.41 1 0
user-service/cmd/service/handlers_profile.go:103.41,106.4 2 0
user-service/cmd/service/handlers_profile.go:107.3,109.9 3 0
user-service/cmd/service/handlers_profile.go:112.2,116.32 4 1
user-service/cmd/service/handlers_profile.go:116.32,118.3 1 1
user-service/cmd/service/handlers_profile.go:120.2,120.25 1 1
user-service/cmd/service/handlers_profile.go:121.17,122.14 1 1
user-service/cmd/service/handlers_profile.go:122.14,125.4 2 0
user-service/cmd/service/handlers_profile.go:125.9,128.4 2 1
user-service/cmd/service/handlers_profile.go:130.17,131.26 1 1
user-service/cmd/service/handlers_profile.go:131.26,134.4 2 1
user-service/cmd/service/handlers_profile.go:134.9,137.4 2 0
user-service/cmd/service/handlers_profile.go:139.16,141.67 2 1
user-service/cmd/service/handlers_profile.go:144.2,144.35 1 1
user-service/cmd/service/handlers_profile.go:147.80,149.18 2 1
user-service/cmd/service/handlers_profile.go:149.18,152.3 2 0
user-service/cmd/service/handlers_profile.go:154.2,155.16 2 1
user-service/cmd/service/handlers_profile.go:155.16,156.41 1 1
user-service/cmd/service/handlers_profile.go:156.41,159.4 2 1
user-service/cmd/service/handlers_profile.go:160.3,162.9 3 0
user-service/cmd/service/handlers_profile.go:165.2,165.37 1 1
user-service/cmd/service/http_utils.go:8.64,14.2 3 1
user-service/cmd/service/http_utils.go:16.66,20.2 3 1
user-service/cmd/service/main.go:18.13,23.16 4 0
user-service/cmd/service/main.go:23.16,25.3 1 0
user-service/cmd/service/main.go:26.2,28.47 2 0
user-service/cmd/service/main.go:28.47,30.3 1 0
user-service/cmd/service/main.go:32.2,41.64 7 0
user-service/cmd/service/main.go:41.64,44.3 2 0
user-service/cmd/service/main.go:46.2,48.67 3 0
user-service/cmd/service/main.go:48.67,50.3 1 0
user-service/cmd/service/main.go:54.2,54.29 1 0
user-service/cmd/service/main.go:54.29,57.3 1 0
user-service/cmd/service/main.go:59.2,59.29 1 0
user-service/cmd/service/main.go:59.29,83.3 13 0
user-service/cmd/service/main.go:85.2,87.57 3 0
user-service/cmd/service/main.go:87.57,89.3 1 0
user-service/cmd/service/main.go:92.35,93.32 1 1
user-service/cmd/service/main.go:93.32,95.3 1 1
user-service/cmd/service/main.go:96.2,96.12 1 1
user-service/cmd/service/middleware.go:11.60,12.71 1 1
user-service/cmd/service/middleware.go:12.71,14.38 2 1
user-service/cmd/service/middleware.go:14.38,17.4 2 1
user-service/cmd/service/middleware.go:18.3,20.40 3 1
user-service/cmd/service/middleware.go:24.56,26.14 2 1
user-service/cmd/service/middleware.go:26.14,28.3 1 1
user-service/cmd/service/middleware.go:29.2,30.25 2 1
user-service/cmd/service/models.go:38.65,54.16 2 0
user-service/cmd/service/models.go:54.16,57.3 2 0
user-service/cmd/service/models.go:60.2,64.16 2 0
user-service/cmd/service/models.go:64.16,66.3 1 0
user-service/cmd/service/models.go:68.2,74.16 2 0
user-service/cmd/service/models.go:74.16,76.3 1 0
user-service/cmd/service/models.go:79.2,99.16 4 0
user-service/cmd/service/models.go:99.16,101.3 1 0
user-service/cmd/service/models.go:103.2,117.16 3 0
user-service/cmd/service/models.go:117.16,119.3 1 0
user-service/cmd/service/models.go:120.2,120.12 1 0
user-service/cmd/service/models.go:123.95,134.2 2 1
user-service/cmd/service/models.go:136.94,138.16 2 1
user-service/cmd/service/models.go:138.16,140.3 1 1
user-service/cmd/service/models.go:141.2,141.41 1 1
user-service/cmd/service/models.go:141.41,143.3 1 1
user-service/cmd/service/models.go:145.2,157.16 3 1
user-service/cmd/service/models.go:157.16,159.3 1 1
user-service/cmd/service/models.go:160.2,160.40 1 0
user-service/cmd/service/models.go:160.40,162.3 1 0
user-service/cmd/service/models.go:163.2,163.27 1 0
user-service/cmd/service/models.go:166.75,168.16 2 1
user-service/cmd/service/models.go:168.16,170.3 1 0
user-service/cmd/service/models.go:172.2,194.12 2 1
user-service/cmd/service/models.go:197.56,216.16 3 1
user-service/cmd/service/models.go:216.16,217.36 1 1
user-service/cmd/service/models.go:217.36,219.4 1 1
user-service/cmd/service/models.go:220.3,220.28 1 1
user-service/cmd/service/models.go:223.2,223.56 1 1
user-service/cmd/service/models.go:223.56,225.3 1 0
user-service/cmd/service/models.go:225.8,226.67 1 1
user-service/cmd/service/models.go:226.67,233.4 2 0
user-service/cmd/service/models.go:236.2,236.15 1 1
user-service/cmd/service/models.go:239.79,247.2 3 1
user-service/cmd/service/models.go:249.89,250.58 1 1
user-service/cmd/service/models.go:250.58,252.3 1 0
user-service/cmd/service/models.go:253.2,254.23 2 1
user-service/cmd/service/models.go:254.23,256.3 1 1
user-service/cmd/service/models.go:256.8,258.3 1 0
user-service/cmd/service/models.go:260.2,267.20 3 1
user-service/cmd/service/models.go:270.81,271.58 1 1
user-service/cmd/service/models.go:271.58,273.3 1 0
user-service/cmd/service/models.go:274.2,275.23 2 1
user-service/cmd/service/models.go:275.23,277.3 1 1
user-service/cmd/service/models.go:277.8,279.3 1 0
user-service/cmd/service/models.go:280.2,285.12 2 1
user-service/cmd/service/models.go:288.84,289.58 1 1
user-service/cmd/service/models.go:289.58,291.3 1 0
user-service/cmd/service/models.go:292.2,293.23 2 1
user-service/cmd/service/models.go:293.23,295.3 1 1
user-service/cmd/service/models.go:295.8,297.3 1 0
user-service/cmd/service/models.go:298.2,302.12 2 1
user-service/cmd/service/models.go:315.90,316.41 1 1
user-service/cmd/service/models.go:316.41,318.3 1 1
user-service/cmd/service/models.go:320.2,321.35 2 1
user-service/cmd/service/models.go:321.35,328.17 4 1
user-service/cmd/service/models.go:328.17,330.4 1 0
user-service/cmd/service/models.go:331.3,331.14 1 1
user-service/cmd/service/models.go:331.14,337.18 2 1
user-service/cmd/service/models.go:337.18,339.5 1 0
user-service/cmd/service/models.go:340.4,342.17 3 1
user-service/cmd/service/models.go:346.2,346.60 1 0
user-service/cmd/service/models.go:349.38,354.2 3 1
